{"C:\\Users\\fabri\\Documents\\GitHubProjects\\HandsOn4ParrotAPI\\build\\data-source.js": {"path":"C:\\Users\\fabri\\Documents\\GitHubProjects\\HandsOn4ParrotAPI\\build\\data-source.js","statementMap":{"0":{"start":{"line":2,"column":0},"end":{"line":2,"column":62}},"1":{"start":{"line":3,"column":0},"end":{"line":3,"column":31}},"2":{"start":{"line":4,"column":0},"end":{"line":4,"column":28}},"3":{"start":{"line":5,"column":16},"end":{"line":5,"column":34}},"4":{"start":{"line":6,"column":13},"end":{"line":6,"column":37}},"5":{"start":{"line":7,"column":13},"end":{"line":7,"column":37}},"6":{"start":{"line":8,"column":41},"end":{"line":8,"column":95}},"7":{"start":{"line":9,"column":38},"end":{"line":9,"column":89}},"8":{"start":{"line":11,"column":0},"end":{"line":23,"column":3}}},"fnMap":{},"branchMap":{},"s":{"0":1,"1":1,"2":1,"3":1,"4":1,"5":1,"6":1,"7":1,"8":1},"f":{},"b":{},"inputSourceMap":null,"_coverageSchema":"1a1c01bbd47fc00a2c39e90264f33305004495a9","hash":"9cd0e387aff46b4fd9f98b3b59cbf06e6e1026d6"}
,"C:\\Users\\fabri\\Documents\\GitHubProjects\\HandsOn4ParrotAPI\\build\\index.js": {"path":"C:\\Users\\fabri\\Documents\\GitHubProjects\\HandsOn4ParrotAPI\\build\\index.js","statementMap":{"0":{"start":{"line":2,"column":0},"end":{"line":2,"column":62}},"1":{"start":{"line":3,"column":0},"end":{"line":3,"column":28}},"2":{"start":{"line":4,"column":14},"end":{"line":4,"column":32}},"3":{"start":{"line":5,"column":17},"end":{"line":5,"column":39}},"4":{"start":{"line":6,"column":15},"end":{"line":6,"column":34}},"5":{"start":{"line":7,"column":20},"end":{"line":7,"column":44}},"6":{"start":{"line":8,"column":11},"end":{"line":8,"column":26}},"7":{"start":{"line":9,"column":15},"end":{"line":9,"column":32}},"8":{"start":{"line":11,"column":0},"end":{"line":25,"column":59}},"9":{"start":{"line":13,"column":18},"end":{"line":13,"column":27}},"10":{"start":{"line":15,"column":8},"end":{"line":15,"column":35}},"11":{"start":{"line":16,"column":8},"end":{"line":16,"column":24}},"12":{"start":{"line":17,"column":8},"end":{"line":17,"column":41}},"13":{"start":{"line":19,"column":8},"end":{"line":19,"column":39}},"14":{"start":{"line":20,"column":19},"end":{"line":20,"column":43}},"15":{"start":{"line":21,"column":8},"end":{"line":23,"column":11}},"16":{"start":{"line":22,"column":12},"end":{"line":22,"column":73}},"17":{"start":{"line":25,"column":29},"end":{"line":25,"column":55}},"18":{"start":{"line":27,"column":0},"end":{"line":27,"column":30}}},"fnMap":{"0":{"name":"(anonymous_0)","decl":{"start":{"line":12,"column":10},"end":{"line":12,"column":11}},"loc":{"start":{"line":12,"column":21},"end":{"line":24,"column":5}},"line":12},"1":{"name":"(anonymous_1)","decl":{"start":{"line":21,"column":25},"end":{"line":21,"column":26}},"loc":{"start":{"line":21,"column":36},"end":{"line":23,"column":9}},"line":21},"2":{"name":"(anonymous_2)","decl":{"start":{"line":25,"column":11},"end":{"line":25,"column":12}},"loc":{"start":{"line":25,"column":27},"end":{"line":25,"column":57}},"line":25}},"branchMap":{"0":{"loc":{"start":{"line":20,"column":19},"end":{"line":20,"column":43}},"type":"binary-expr","locations":[{"start":{"line":20,"column":19},"end":{"line":20,"column":35}},{"start":{"line":20,"column":39},"end":{"line":20,"column":43}}],"line":20}},"s":{"0":1,"1":1,"2":1,"3":1,"4":1,"5":1,"6":1,"7":1,"8":1,"9":1,"10":1,"11":1,"12":1,"13":1,"14":1,"15":1,"16":1,"17":0,"18":1},"f":{"0":1,"1":1,"2":0},"b":{"0":[1,1]},"inputSourceMap":null,"_coverageSchema":"1a1c01bbd47fc00a2c39e90264f33305004495a9","hash":"1f422bce573c527da86e37142a4335c63c700d2c"}
,"C:\\Users\\fabri\\Documents\\GitHubProjects\\HandsOn4ParrotAPI\\build\\config\\config.js": {"path":"C:\\Users\\fabri\\Documents\\GitHubProjects\\HandsOn4ParrotAPI\\build\\config\\config.js","statementMap":{"0":{"start":{"line":2,"column":0},"end":{"line":2,"column":62}},"1":{"start":{"line":3,"column":0},"end":{"line":5,"column":2}}},"fnMap":{},"branchMap":{},"s":{"0":1,"1":1},"f":{},"b":{},"inputSourceMap":null,"_coverageSchema":"1a1c01bbd47fc00a2c39e90264f33305004495a9","hash":"35c11642d2200744a8bda45819917fb6cd1b05d8"}
,"C:\\Users\\fabri\\Documents\\GitHubProjects\\HandsOn4ParrotAPI\\build\\controller\\AuthController.js": {"path":"C:\\Users\\fabri\\Documents\\GitHubProjects\\HandsOn4ParrotAPI\\build\\controller\\AuthController.js","statementMap":{"0":{"start":{"line":2,"column":16},"end":{"line":10,"column":1}},"1":{"start":{"line":3,"column":28},"end":{"line":3,"column":110}},"2":{"start":{"line":3,"column":91},"end":{"line":3,"column":106}},"3":{"start":{"line":4,"column":4},"end":{"line":9,"column":7}},"4":{"start":{"line":5,"column":36},"end":{"line":5,"column":97}},"5":{"start":{"line":5,"column":42},"end":{"line":5,"column":70}},"6":{"start":{"line":5,"column":85},"end":{"line":5,"column":95}},"7":{"start":{"line":6,"column":35},"end":{"line":6,"column":100}},"8":{"start":{"line":6,"column":41},"end":{"line":6,"column":73}},"9":{"start":{"line":6,"column":88},"end":{"line":6,"column":98}},"10":{"start":{"line":7,"column":32},"end":{"line":7,"column":116}},"11":{"start":{"line":8,"column":8},"end":{"line":8,"column":78}},"12":{"start":{"line":11,"column":18},"end":{"line":37,"column":1}},"13":{"start":{"line":12,"column":12},"end":{"line":12,"column":104}},"14":{"start":{"line":12,"column":43},"end":{"line":12,"column":68}},"15":{"start":{"line":12,"column":57},"end":{"line":12,"column":68}},"16":{"start":{"line":12,"column":69},"end":{"line":12,"column":81}},"17":{"start":{"line":13,"column":4},"end":{"line":13,"column":157}},"18":{"start":{"line":13,"column":138},"end":{"line":13,"column":150}},"19":{"start":{"line":14,"column":23},"end":{"line":14,"column":68}},"20":{"start":{"line":14,"column":45},"end":{"line":14,"column":65}},"21":{"start":{"line":16,"column":8},"end":{"line":16,"column":70}},"22":{"start":{"line":16,"column":15},"end":{"line":16,"column":70}},"23":{"start":{"line":17,"column":8},"end":{"line":34,"column":66}},"24":{"start":{"line":17,"column":18},"end":{"line":34,"column":66}},"25":{"start":{"line":18,"column":12},"end":{"line":18,"column":169}},"26":{"start":{"line":18,"column":160},"end":{"line":18,"column":169}},"27":{"start":{"line":19,"column":12},"end":{"line":19,"column":52}},"28":{"start":{"line":19,"column":26},"end":{"line":19,"column":52}},"29":{"start":{"line":20,"column":12},"end":{"line":32,"column":13}},"30":{"start":{"line":21,"column":32},"end":{"line":21,"column":39}},"31":{"start":{"line":21,"column":40},"end":{"line":21,"column":46}},"32":{"start":{"line":22,"column":24},"end":{"line":22,"column":34}},"33":{"start":{"line":22,"column":35},"end":{"line":22,"column":72}},"34":{"start":{"line":23,"column":24},"end":{"line":23,"column":34}},"35":{"start":{"line":23,"column":35},"end":{"line":23,"column":45}},"36":{"start":{"line":23,"column":46},"end":{"line":23,"column":55}},"37":{"start":{"line":23,"column":56},"end":{"line":23,"column":65}},"38":{"start":{"line":24,"column":24},"end":{"line":24,"column":41}},"39":{"start":{"line":24,"column":42},"end":{"line":24,"column":55}},"40":{"start":{"line":24,"column":56},"end":{"line":24,"column":65}},"41":{"start":{"line":26,"column":20},"end":{"line":26,"column":128}},"42":{"start":{"line":26,"column":110},"end":{"line":26,"column":116}},"43":{"start":{"line":26,"column":117},"end":{"line":26,"column":126}},"44":{"start":{"line":27,"column":20},"end":{"line":27,"column":106}},"45":{"start":{"line":27,"column":81},"end":{"line":27,"column":97}},"46":{"start":{"line":27,"column":98},"end":{"line":27,"column":104}},"47":{"start":{"line":28,"column":20},"end":{"line":28,"column":89}},"48":{"start":{"line":28,"column":57},"end":{"line":28,"column":72}},"49":{"start":{"line":28,"column":73},"end":{"line":28,"column":80}},"50":{"start":{"line":28,"column":81},"end":{"line":28,"column":87}},"51":{"start":{"line":29,"column":20},"end":{"line":29,"column":87}},"52":{"start":{"line":29,"column":47},"end":{"line":29,"column":62}},"53":{"start":{"line":29,"column":63},"end":{"line":29,"column":78}},"54":{"start":{"line":29,"column":79},"end":{"line":29,"column":85}},"55":{"start":{"line":30,"column":20},"end":{"line":30,"column":42}},"56":{"start":{"line":30,"column":30},"end":{"line":30,"column":42}},"57":{"start":{"line":31,"column":20},"end":{"line":31,"column":33}},"58":{"start":{"line":31,"column":34},"end":{"line":31,"column":43}},"59":{"start":{"line":33,"column":12},"end":{"line":33,"column":39}},"60":{"start":{"line":34,"column":22},"end":{"line":34,"column":34}},"61":{"start":{"line":34,"column":35},"end":{"line":34,"column":41}},"62":{"start":{"line":34,"column":54},"end":{"line":34,"column":64}},"63":{"start":{"line":35,"column":8},"end":{"line":35,"column":35}},"64":{"start":{"line":35,"column":23},"end":{"line":35,"column":35}},"65":{"start":{"line":35,"column":36},"end":{"line":35,"column":89}},"66":{"start":{"line":38,"column":0},"end":{"line":38,"column":62}},"67":{"start":{"line":39,"column":10},"end":{"line":39,"column":33}},"68":{"start":{"line":40,"column":20},"end":{"line":40,"column":45}},"69":{"start":{"line":41,"column":13},"end":{"line":41,"column":38}},"70":{"start":{"line":42,"column":15},"end":{"line":42,"column":42}},"71":{"start":{"line":43,"column":24},"end":{"line":43,"column":50}},"72":{"start":{"line":44,"column":21},"end":{"line":44,"column":75}},"73":{"start":{"line":45,"column":36},"end":{"line":125,"column":3}},"74":{"start":{"line":49,"column":4},"end":{"line":49,"column":24}},"75":{"start":{"line":50,"column":4},"end":{"line":86,"column":10}},"76":{"start":{"line":50,"column":49},"end":{"line":86,"column":7}},"77":{"start":{"line":52,"column":8},"end":{"line":85,"column":11}},"78":{"start":{"line":53,"column":12},"end":{"line":84,"column":13}},"79":{"start":{"line":55,"column":20},"end":{"line":55,"column":76}},"80":{"start":{"line":56,"column":20},"end":{"line":56,"column":85}},"81":{"start":{"line":58,"column":20},"end":{"line":58,"column":44}},"82":{"start":{"line":59,"column":20},"end":{"line":61,"column":21}},"83":{"start":{"line":60,"column":24},"end":{"line":60,"column":70}},"84":{"start":{"line":62,"column":20},"end":{"line":62,"column":33}},"85":{"start":{"line":64,"column":20},"end":{"line":64,"column":46}},"86":{"start":{"line":65,"column":20},"end":{"line":65,"column":100}},"87":{"start":{"line":67,"column":20},"end":{"line":67,"column":37}},"88":{"start":{"line":68,"column":20},"end":{"line":68,"column":44}},"89":{"start":{"line":70,"column":20},"end":{"line":70,"column":40}},"90":{"start":{"line":71,"column":20},"end":{"line":71,"column":83}},"91":{"start":{"line":73,"column":20},"end":{"line":75,"column":21}},"92":{"start":{"line":74,"column":24},"end":{"line":74,"column":98}},"93":{"start":{"line":76,"column":20},"end":{"line":82,"column":72}},"94":{"start":{"line":83,"column":20},"end":{"line":83,"column":59}},"95":{"start":{"line":87,"column":4},"end":{"line":123,"column":10}},"96":{"start":{"line":87,"column":58},"end":{"line":123,"column":7}},"97":{"start":{"line":89,"column":8},"end":{"line":122,"column":11}},"98":{"start":{"line":90,"column":12},"end":{"line":121,"column":13}},"99":{"start":{"line":92,"column":20},"end":{"line":92,"column":50}},"100":{"start":{"line":93,"column":20},"end":{"line":93,"column":94}},"101":{"start":{"line":94,"column":20},"end":{"line":96,"column":21}},"102":{"start":{"line":95,"column":24},"end":{"line":95,"column":70}},"103":{"start":{"line":97,"column":20},"end":{"line":97,"column":33}},"104":{"start":{"line":99,"column":20},"end":{"line":99,"column":46}},"105":{"start":{"line":100,"column":20},"end":{"line":100,"column":94}},"106":{"start":{"line":102,"column":20},"end":{"line":102,"column":37}},"107":{"start":{"line":103,"column":20},"end":{"line":103,"column":44}},"108":{"start":{"line":105,"column":20},"end":{"line":105,"column":40}},"109":{"start":{"line":106,"column":20},"end":{"line":106,"column":82}},"110":{"start":{"line":108,"column":20},"end":{"line":110,"column":21}},"111":{"start":{"line":109,"column":24},"end":{"line":109,"column":94}},"112":{"start":{"line":111,"column":20},"end":{"line":111,"column":80}},"113":{"start":{"line":113,"column":20},"end":{"line":113,"column":39}},"114":{"start":{"line":114,"column":20},"end":{"line":116,"column":21}},"115":{"start":{"line":115,"column":24},"end":{"line":115,"column":76}},"116":{"start":{"line":117,"column":20},"end":{"line":117,"column":48}},"117":{"start":{"line":118,"column":20},"end":{"line":118,"column":54}},"118":{"start":{"line":119,"column":20},"end":{"line":119,"column":46}},"119":{"start":{"line":120,"column":20},"end":{"line":120,"column":85}},"120":{"start":{"line":124,"column":4},"end":{"line":124,"column":26}},"121":{"start":{"line":127,"column":0},"end":{"line":127,"column":33}}},"fnMap":{"0":{"name":"(anonymous_0)","decl":{"start":{"line":2,"column":44},"end":{"line":2,"column":45}},"loc":{"start":{"line":2,"column":89},"end":{"line":10,"column":1}},"line":2},"1":{"name":"adopt","decl":{"start":{"line":3,"column":13},"end":{"line":3,"column":18}},"loc":{"start":{"line":3,"column":26},"end":{"line":3,"column":112}},"line":3},"2":{"name":"(anonymous_2)","decl":{"start":{"line":3,"column":70},"end":{"line":3,"column":71}},"loc":{"start":{"line":3,"column":89},"end":{"line":3,"column":108}},"line":3},"3":{"name":"(anonymous_3)","decl":{"start":{"line":4,"column":36},"end":{"line":4,"column":37}},"loc":{"start":{"line":4,"column":63},"end":{"line":9,"column":5}},"line":4},"4":{"name":"fulfilled","decl":{"start":{"line":5,"column":17},"end":{"line":5,"column":26}},"loc":{"start":{"line":5,"column":34},"end":{"line":5,"column":99}},"line":5},"5":{"name":"rejected","decl":{"start":{"line":6,"column":17},"end":{"line":6,"column":25}},"loc":{"start":{"line":6,"column":33},"end":{"line":6,"column":102}},"line":6},"6":{"name":"step","decl":{"start":{"line":7,"column":17},"end":{"line":7,"column":21}},"loc":{"start":{"line":7,"column":30},"end":{"line":7,"column":118}},"line":7},"7":{"name":"(anonymous_7)","decl":{"start":{"line":11,"column":48},"end":{"line":11,"column":49}},"loc":{"start":{"line":11,"column":73},"end":{"line":37,"column":1}},"line":11},"8":{"name":"(anonymous_8)","decl":{"start":{"line":12,"column":30},"end":{"line":12,"column":31}},"loc":{"start":{"line":12,"column":41},"end":{"line":12,"column":83}},"line":12},"9":{"name":"(anonymous_9)","decl":{"start":{"line":13,"column":125},"end":{"line":13,"column":126}},"loc":{"start":{"line":13,"column":136},"end":{"line":13,"column":152}},"line":13},"10":{"name":"verb","decl":{"start":{"line":14,"column":13},"end":{"line":14,"column":17}},"loc":{"start":{"line":14,"column":21},"end":{"line":14,"column":70}},"line":14},"11":{"name":"(anonymous_11)","decl":{"start":{"line":14,"column":30},"end":{"line":14,"column":31}},"loc":{"start":{"line":14,"column":43},"end":{"line":14,"column":67}},"line":14},"12":{"name":"step","decl":{"start":{"line":15,"column":13},"end":{"line":15,"column":17}},"loc":{"start":{"line":15,"column":22},"end":{"line":36,"column":5}},"line":15},"13":{"name":"(anonymous_13)","decl":{"start":{"line":45,"column":36},"end":{"line":45,"column":37}},"loc":{"start":{"line":45,"column":48},"end":{"line":125,"column":1}},"line":45},"14":{"name":"AuthController","decl":{"start":{"line":46,"column":13},"end":{"line":46,"column":27}},"loc":{"start":{"line":46,"column":30},"end":{"line":47,"column":5}},"line":46},"15":{"name":"(anonymous_15)","decl":{"start":{"line":50,"column":27},"end":{"line":50,"column":28}},"loc":{"start":{"line":50,"column":47},"end":{"line":86,"column":9}},"line":50},"16":{"name":"(anonymous_16)","decl":{"start":{"line":50,"column":90},"end":{"line":50,"column":91}},"loc":{"start":{"line":50,"column":102},"end":{"line":86,"column":5}},"line":50},"17":{"name":"(anonymous_17)","decl":{"start":{"line":52,"column":31},"end":{"line":52,"column":32}},"loc":{"start":{"line":52,"column":45},"end":{"line":85,"column":9}},"line":52},"18":{"name":"(anonymous_18)","decl":{"start":{"line":87,"column":36},"end":{"line":87,"column":37}},"loc":{"start":{"line":87,"column":56},"end":{"line":123,"column":9}},"line":87},"19":{"name":"(anonymous_19)","decl":{"start":{"line":87,"column":99},"end":{"line":87,"column":100}},"loc":{"start":{"line":87,"column":111},"end":{"line":123,"column":5}},"line":87},"20":{"name":"(anonymous_20)","decl":{"start":{"line":89,"column":31},"end":{"line":89,"column":32}},"loc":{"start":{"line":89,"column":45},"end":{"line":122,"column":9}},"line":89}},"branchMap":{"0":{"loc":{"start":{"line":2,"column":16},"end":{"line":10,"column":1}},"type":"binary-expr","locations":[{"start":{"line":2,"column":17},"end":{"line":2,"column":21}},{"start":{"line":2,"column":25},"end":{"line":2,"column":39}},{"start":{"line":2,"column":44},"end":{"line":10,"column":1}}],"line":2},"1":{"loc":{"start":{"line":3,"column":35},"end":{"line":3,"column":109}},"type":"cond-expr","locations":[{"start":{"line":3,"column":56},"end":{"line":3,"column":61}},{"start":{"line":3,"column":64},"end":{"line":3,"column":109}}],"line":3},"2":{"loc":{"start":{"line":4,"column":16},"end":{"line":4,"column":34}},"type":"binary-expr","locations":[{"start":{"line":4,"column":16},"end":{"line":4,"column":17}},{"start":{"line":4,"column":22},"end":{"line":4,"column":33}}],"line":4},"3":{"loc":{"start":{"line":7,"column":32},"end":{"line":7,"column":115}},"type":"cond-expr","locations":[{"start":{"line":7,"column":46},"end":{"line":7,"column":67}},{"start":{"line":7,"column":70},"end":{"line":7,"column":115}}],"line":7},"4":{"loc":{"start":{"line":8,"column":51},"end":{"line":8,"column":67}},"type":"binary-expr","locations":[{"start":{"line":8,"column":51},"end":{"line":8,"column":61}},{"start":{"line":8,"column":65},"end":{"line":8,"column":67}}],"line":8},"5":{"loc":{"start":{"line":11,"column":18},"end":{"line":37,"column":1}},"type":"binary-expr","locations":[{"start":{"line":11,"column":19},"end":{"line":11,"column":23}},{"start":{"line":11,"column":27},"end":{"line":11,"column":43}},{"start":{"line":11,"column":48},"end":{"line":37,"column":1}}],"line":11},"6":{"loc":{"start":{"line":12,"column":43},"end":{"line":12,"column":68}},"type":"if","locations":[{"start":{"line":12,"column":43},"end":{"line":12,"column":68}},{"start":{},"end":{}}],"line":12},"7":{"loc":{"start":{"line":13,"column":71},"end":{"line":13,"column":153}},"type":"binary-expr","locations":[{"start":{"line":13,"column":71},"end":{"line":13,"column":99}},{"start":{"line":13,"column":104},"end":{"line":13,"column":152}}],"line":13},"8":{"loc":{"start":{"line":16,"column":8},"end":{"line":16,"column":70}},"type":"if","locations":[{"start":{"line":16,"column":8},"end":{"line":16,"column":70}},{"start":{},"end":{}}],"line":16},"9":{"loc":{"start":{"line":18,"column":12},"end":{"line":18,"column":169}},"type":"if","locations":[{"start":{"line":18,"column":12},"end":{"line":18,"column":169}},{"start":{},"end":{}}],"line":18},"10":{"loc":{"start":{"line":18,"column":23},"end":{"line":18,"column":158}},"type":"binary-expr","locations":[{"start":{"line":18,"column":23},"end":{"line":18,"column":24}},{"start":{"line":18,"column":29},"end":{"line":18,"column":125}},{"start":{"line":18,"column":130},"end":{"line":18,"column":158}}],"line":18},"11":{"loc":{"start":{"line":18,"column":33},"end":{"line":18,"column":125}},"type":"cond-expr","locations":[{"start":{"line":18,"column":45},"end":{"line":18,"column":56}},{"start":{"line":18,"column":59},"end":{"line":18,"column":125}}],"line":18},"12":{"loc":{"start":{"line":18,"column":59},"end":{"line":18,"column":125}},"type":"cond-expr","locations":[{"start":{"line":18,"column":67},"end":{"line":18,"column":116}},{"start":{"line":18,"column":119},"end":{"line":18,"column":125}}],"line":18},"13":{"loc":{"start":{"line":18,"column":67},"end":{"line":18,"column":116}},"type":"binary-expr","locations":[{"start":{"line":18,"column":67},"end":{"line":18,"column":77}},{"start":{"line":18,"column":82},"end":{"line":18,"column":115}}],"line":18},"14":{"loc":{"start":{"line":18,"column":82},"end":{"line":18,"column":112}},"type":"binary-expr","locations":[{"start":{"line":18,"column":83},"end":{"line":18,"column":98}},{"start":{"line":18,"column":103},"end":{"line":18,"column":112}}],"line":18},"15":{"loc":{"start":{"line":19,"column":12},"end":{"line":19,"column":52}},"type":"if","locations":[{"start":{"line":19,"column":12},"end":{"line":19,"column":52}},{"start":{},"end":{}}],"line":19},"16":{"loc":{"start":{"line":20,"column":12},"end":{"line":32,"column":13}},"type":"switch","locations":[{"start":{"line":21,"column":16},"end":{"line":21,"column":23}},{"start":{"line":21,"column":24},"end":{"line":21,"column":46}},{"start":{"line":22,"column":16},"end":{"line":22,"column":72}},{"start":{"line":23,"column":16},"end":{"line":23,"column":65}},{"start":{"line":24,"column":16},"end":{"line":24,"column":65}},{"start":{"line":25,"column":16},"end":{"line":31,"column":43}}],"line":20},"17":{"loc":{"start":{"line":26,"column":20},"end":{"line":26,"column":128}},"type":"if","locations":[{"start":{"line":26,"column":20},"end":{"line":26,"column":128}},{"start":{},"end":{}}],"line":26},"18":{"loc":{"start":{"line":26,"column":24},"end":{"line":26,"column":106}},"type":"binary-expr","locations":[{"start":{"line":26,"column":24},"end":{"line":26,"column":74}},{"start":{"line":26,"column":79},"end":{"line":26,"column":90}},{"start":{"line":26,"column":94},"end":{"line":26,"column":105}}],"line":26},"19":{"loc":{"start":{"line":26,"column":42},"end":{"line":26,"column":73}},"type":"binary-expr","locations":[{"start":{"line":26,"column":42},"end":{"line":26,"column":54}},{"start":{"line":26,"column":58},"end":{"line":26,"column":73}}],"line":26},"20":{"loc":{"start":{"line":27,"column":20},"end":{"line":27,"column":106}},"type":"if","locations":[{"start":{"line":27,"column":20},"end":{"line":27,"column":106}},{"start":{},"end":{}}],"line":27},"21":{"loc":{"start":{"line":27,"column":24},"end":{"line":27,"column":77}},"type":"binary-expr","locations":[{"start":{"line":27,"column":24},"end":{"line":27,"column":35}},{"start":{"line":27,"column":40},"end":{"line":27,"column":42}},{"start":{"line":27,"column":47},"end":{"line":27,"column":59}},{"start":{"line":27,"column":63},"end":{"line":27,"column":75}}],"line":27},"22":{"loc":{"start":{"line":28,"column":20},"end":{"line":28,"column":89}},"type":"if","locations":[{"start":{"line":28,"column":20},"end":{"line":28,"column":89}},{"start":{},"end":{}}],"line":28},"23":{"loc":{"start":{"line":28,"column":24},"end":{"line":28,"column":53}},"type":"binary-expr","locations":[{"start":{"line":28,"column":24},"end":{"line":28,"column":35}},{"start":{"line":28,"column":39},"end":{"line":28,"column":53}}],"line":28},"24":{"loc":{"start":{"line":29,"column":20},"end":{"line":29,"column":87}},"type":"if","locations":[{"start":{"line":29,"column":20},"end":{"line":29,"column":87}},{"start":{},"end":{}}],"line":29},"25":{"loc":{"start":{"line":29,"column":24},"end":{"line":29,"column":43}},"type":"binary-expr","locations":[{"start":{"line":29,"column":24},"end":{"line":29,"column":25}},{"start":{"line":29,"column":29},"end":{"line":29,"column":43}}],"line":29},"26":{"loc":{"start":{"line":30,"column":20},"end":{"line":30,"column":42}},"type":"if","locations":[{"start":{"line":30,"column":20},"end":{"line":30,"column":42}},{"start":{},"end":{}}],"line":30},"27":{"loc":{"start":{"line":35,"column":8},"end":{"line":35,"column":35}},"type":"if","locations":[{"start":{"line":35,"column":8},"end":{"line":35,"column":35}},{"start":{},"end":{}}],"line":35},"28":{"loc":{"start":{"line":35,"column":52},"end":{"line":35,"column":74}},"type":"cond-expr","locations":[{"start":{"line":35,"column":60},"end":{"line":35,"column":65}},{"start":{"line":35,"column":68},"end":{"line":35,"column":74}}],"line":35},"29":{"loc":{"start":{"line":53,"column":12},"end":{"line":84,"column":13}},"type":"switch","locations":[{"start":{"line":54,"column":16},"end":{"line":56,"column":85}},{"start":{"line":57,"column":16},"end":{"line":62,"column":33}},{"start":{"line":63,"column":16},"end":{"line":65,"column":100}},{"start":{"line":66,"column":16},"end":{"line":68,"column":44}},{"start":{"line":69,"column":16},"end":{"line":71,"column":83}},{"start":{"line":72,"column":16},"end":{"line":83,"column":59}}],"line":53},"30":{"loc":{"start":{"line":59,"column":20},"end":{"line":61,"column":21}},"type":"if","locations":[{"start":{"line":59,"column":20},"end":{"line":61,"column":21}},{"start":{},"end":{}}],"line":59},"31":{"loc":{"start":{"line":59,"column":26},"end":{"line":59,"column":49}},"type":"binary-expr","locations":[{"start":{"line":59,"column":26},"end":{"line":59,"column":37}},{"start":{"line":59,"column":41},"end":{"line":59,"column":49}}],"line":59},"32":{"loc":{"start":{"line":73,"column":20},"end":{"line":75,"column":21}},"type":"if","locations":[{"start":{"line":73,"column":20},"end":{"line":75,"column":21}},{"start":{},"end":{}}],"line":73},"33":{"loc":{"start":{"line":90,"column":12},"end":{"line":121,"column":13}},"type":"switch","locations":[{"start":{"line":91,"column":16},"end":{"line":97,"column":33}},{"start":{"line":98,"column":16},"end":{"line":100,"column":94}},{"start":{"line":101,"column":16},"end":{"line":103,"column":44}},{"start":{"line":104,"column":16},"end":{"line":106,"column":82}},{"start":{"line":107,"column":16},"end":{"line":111,"column":80}},{"start":{"line":112,"column":16},"end":{"line":120,"column":85}}],"line":90},"34":{"loc":{"start":{"line":94,"column":20},"end":{"line":96,"column":21}},"type":"if","locations":[{"start":{"line":94,"column":20},"end":{"line":96,"column":21}},{"start":{},"end":{}}],"line":94},"35":{"loc":{"start":{"line":94,"column":26},"end":{"line":94,"column":52}},"type":"binary-expr","locations":[{"start":{"line":94,"column":26},"end":{"line":94,"column":37}},{"start":{"line":94,"column":41},"end":{"line":94,"column":52}}],"line":94},"36":{"loc":{"start":{"line":108,"column":20},"end":{"line":110,"column":21}},"type":"if","locations":[{"start":{"line":108,"column":20},"end":{"line":110,"column":21}},{"start":{},"end":{}}],"line":108},"37":{"loc":{"start":{"line":114,"column":20},"end":{"line":116,"column":21}},"type":"if","locations":[{"start":{"line":114,"column":20},"end":{"line":116,"column":21}},{"start":{},"end":{}}],"line":114}},"s":{"0":1,"1":0,"2":0,"3":0,"4":0,"5":0,"6":0,"7":0,"8":0,"9":0,"10":0,"11":0,"12":1,"13":0,"14":0,"15":0,"16":0,"17":0,"18":0,"19":0,"20":0,"21":0,"22":0,"23":0,"24":0,"25":0,"26":0,"27":0,"28":0,"29":0,"30":0,"31":0,"32":0,"33":0,"34":0,"35":0,"36":0,"37":0,"38":0,"39":0,"40":0,"41":0,"42":0,"43":0,"44":0,"45":0,"46":0,"47":0,"48":0,"49":0,"50":0,"51":0,"52":0,"53":0,"54":0,"55":0,"56":0,"57":0,"58":0,"59":0,"60":0,"61":0,"62":0,"63":0,"64":0,"65":0,"66":1,"67":1,"68":1,"69":1,"70":1,"71":1,"72":1,"73":1,"74":1,"75":1,"76":0,"77":0,"78":0,"79":0,"80":0,"81":0,"82":0,"83":0,"84":0,"85":0,"86":0,"87":0,"88":0,"89":0,"90":0,"91":0,"92":0,"93":0,"94":0,"95":1,"96":0,"97":0,"98":0,"99":0,"100":0,"101":0,"102":0,"103":0,"104":0,"105":0,"106":0,"107":0,"108":0,"109":0,"110":0,"111":0,"112":0,"113":0,"114":0,"115":0,"116":0,"117":0,"118":0,"119":0,"120":1,"121":1},"f":{"0":0,"1":0,"2":0,"3":0,"4":0,"5":0,"6":0,"7":0,"8":0,"9":0,"10":0,"11":0,"12":0,"13":1,"14":0,"15":0,"16":0,"17":0,"18":0,"19":0,"20":0},"b":{"0":[1,1,1],"1":[0,0],"2":[0,0],"3":[0,0],"4":[0,0],"5":[1,1,1],"6":[0,0],"7":[0,0],"8":[0,0],"9":[0,0],"10":[0,0,0],"11":[0,0],"12":[0,0],"13":[0,0],"14":[0,0],"15":[0,0],"16":[0,0,0,0,0,0],"17":[0,0],"18":[0,0,0],"19":[0,0],"20":[0,0],"21":[0,0,0,0],"22":[0,0],"23":[0,0],"24":[0,0],"25":[0,0],"26":[0,0],"27":[0,0],"28":[0,0],"29":[0,0,0,0,0,0],"30":[0,0],"31":[0,0],"32":[0,0],"33":[0,0,0,0,0,0],"34":[0,0],"35":[0,0],"36":[0,0],"37":[0,0]},"inputSourceMap":null,"_coverageSchema":"1a1c01bbd47fc00a2c39e90264f33305004495a9","hash":"2f6f5d702cc8ce2d29b449103e9e93975d213c42"}
,"C:\\Users\\fabri\\Documents\\GitHubProjects\\HandsOn4ParrotAPI\\build\\controller\\PostController.js": {"path":"C:\\Users\\fabri\\Documents\\GitHubProjects\\HandsOn4ParrotAPI\\build\\controller\\PostController.js","statementMap":{"0":{"start":{"line":2,"column":16},"end":{"line":10,"column":1}},"1":{"start":{"line":3,"column":28},"end":{"line":3,"column":110}},"2":{"start":{"line":3,"column":91},"end":{"line":3,"column":106}},"3":{"start":{"line":4,"column":4},"end":{"line":9,"column":7}},"4":{"start":{"line":5,"column":36},"end":{"line":5,"column":97}},"5":{"start":{"line":5,"column":42},"end":{"line":5,"column":70}},"6":{"start":{"line":5,"column":85},"end":{"line":5,"column":95}},"7":{"start":{"line":6,"column":35},"end":{"line":6,"column":100}},"8":{"start":{"line":6,"column":41},"end":{"line":6,"column":73}},"9":{"start":{"line":6,"column":88},"end":{"line":6,"column":98}},"10":{"start":{"line":7,"column":32},"end":{"line":7,"column":116}},"11":{"start":{"line":8,"column":8},"end":{"line":8,"column":78}},"12":{"start":{"line":11,"column":18},"end":{"line":37,"column":1}},"13":{"start":{"line":12,"column":12},"end":{"line":12,"column":104}},"14":{"start":{"line":12,"column":43},"end":{"line":12,"column":68}},"15":{"start":{"line":12,"column":57},"end":{"line":12,"column":68}},"16":{"start":{"line":12,"column":69},"end":{"line":12,"column":81}},"17":{"start":{"line":13,"column":4},"end":{"line":13,"column":157}},"18":{"start":{"line":13,"column":138},"end":{"line":13,"column":150}},"19":{"start":{"line":14,"column":23},"end":{"line":14,"column":68}},"20":{"start":{"line":14,"column":45},"end":{"line":14,"column":65}},"21":{"start":{"line":16,"column":8},"end":{"line":16,"column":70}},"22":{"start":{"line":16,"column":15},"end":{"line":16,"column":70}},"23":{"start":{"line":17,"column":8},"end":{"line":34,"column":66}},"24":{"start":{"line":17,"column":18},"end":{"line":34,"column":66}},"25":{"start":{"line":18,"column":12},"end":{"line":18,"column":169}},"26":{"start":{"line":18,"column":160},"end":{"line":18,"column":169}},"27":{"start":{"line":19,"column":12},"end":{"line":19,"column":52}},"28":{"start":{"line":19,"column":26},"end":{"line":19,"column":52}},"29":{"start":{"line":20,"column":12},"end":{"line":32,"column":13}},"30":{"start":{"line":21,"column":32},"end":{"line":21,"column":39}},"31":{"start":{"line":21,"column":40},"end":{"line":21,"column":46}},"32":{"start":{"line":22,"column":24},"end":{"line":22,"column":34}},"33":{"start":{"line":22,"column":35},"end":{"line":22,"column":72}},"34":{"start":{"line":23,"column":24},"end":{"line":23,"column":34}},"35":{"start":{"line":23,"column":35},"end":{"line":23,"column":45}},"36":{"start":{"line":23,"column":46},"end":{"line":23,"column":55}},"37":{"start":{"line":23,"column":56},"end":{"line":23,"column":65}},"38":{"start":{"line":24,"column":24},"end":{"line":24,"column":41}},"39":{"start":{"line":24,"column":42},"end":{"line":24,"column":55}},"40":{"start":{"line":24,"column":56},"end":{"line":24,"column":65}},"41":{"start":{"line":26,"column":20},"end":{"line":26,"column":128}},"42":{"start":{"line":26,"column":110},"end":{"line":26,"column":116}},"43":{"start":{"line":26,"column":117},"end":{"line":26,"column":126}},"44":{"start":{"line":27,"column":20},"end":{"line":27,"column":106}},"45":{"start":{"line":27,"column":81},"end":{"line":27,"column":97}},"46":{"start":{"line":27,"column":98},"end":{"line":27,"column":104}},"47":{"start":{"line":28,"column":20},"end":{"line":28,"column":89}},"48":{"start":{"line":28,"column":57},"end":{"line":28,"column":72}},"49":{"start":{"line":28,"column":73},"end":{"line":28,"column":80}},"50":{"start":{"line":28,"column":81},"end":{"line":28,"column":87}},"51":{"start":{"line":29,"column":20},"end":{"line":29,"column":87}},"52":{"start":{"line":29,"column":47},"end":{"line":29,"column":62}},"53":{"start":{"line":29,"column":63},"end":{"line":29,"column":78}},"54":{"start":{"line":29,"column":79},"end":{"line":29,"column":85}},"55":{"start":{"line":30,"column":20},"end":{"line":30,"column":42}},"56":{"start":{"line":30,"column":30},"end":{"line":30,"column":42}},"57":{"start":{"line":31,"column":20},"end":{"line":31,"column":33}},"58":{"start":{"line":31,"column":34},"end":{"line":31,"column":43}},"59":{"start":{"line":33,"column":12},"end":{"line":33,"column":39}},"60":{"start":{"line":34,"column":22},"end":{"line":34,"column":34}},"61":{"start":{"line":34,"column":35},"end":{"line":34,"column":41}},"62":{"start":{"line":34,"column":54},"end":{"line":34,"column":64}},"63":{"start":{"line":35,"column":8},"end":{"line":35,"column":35}},"64":{"start":{"line":35,"column":23},"end":{"line":35,"column":35}},"65":{"start":{"line":35,"column":36},"end":{"line":35,"column":89}},"66":{"start":{"line":38,"column":0},"end":{"line":38,"column":62}},"67":{"start":{"line":39,"column":0},"end":{"line":39,"column":32}},"68":{"start":{"line":40,"column":24},"end":{"line":40,"column":50}},"69":{"start":{"line":41,"column":10},"end":{"line":41,"column":33}},"70":{"start":{"line":42,"column":13},"end":{"line":42,"column":38}},"71":{"start":{"line":43,"column":13},"end":{"line":43,"column":38}},"72":{"start":{"line":44,"column":20},"end":{"line":44,"column":45}},"73":{"start":{"line":45,"column":15},"end":{"line":45,"column":42}},"74":{"start":{"line":46,"column":21},"end":{"line":46,"column":75}},"75":{"start":{"line":47,"column":21},"end":{"line":47,"column":75}},"76":{"start":{"line":48,"column":36},"end":{"line":210,"column":3}},"77":{"start":{"line":52,"column":4},"end":{"line":52,"column":24}},"78":{"start":{"line":53,"column":4},"end":{"line":70,"column":10}},"79":{"start":{"line":53,"column":55},"end":{"line":70,"column":7}},"80":{"start":{"line":55,"column":8},"end":{"line":69,"column":11}},"81":{"start":{"line":56,"column":12},"end":{"line":68,"column":13}},"82":{"start":{"line":57,"column":24},"end":{"line":64,"column":24}},"83":{"start":{"line":66,"column":20},"end":{"line":66,"column":38}},"84":{"start":{"line":67,"column":20},"end":{"line":67,"column":71}},"85":{"start":{"line":71,"column":4},"end":{"line":107,"column":10}},"86":{"start":{"line":71,"column":63},"end":{"line":107,"column":7}},"87":{"start":{"line":73,"column":8},"end":{"line":106,"column":11}},"88":{"start":{"line":74,"column":12},"end":{"line":105,"column":13}},"89":{"start":{"line":76,"column":20},"end":{"line":76,"column":51}},"90":{"start":{"line":77,"column":20},"end":{"line":83,"column":21}},"91":{"start":{"line":78,"column":24},"end":{"line":78,"column":86}},"92":{"start":{"line":79,"column":24},"end":{"line":79,"column":47}},"93":{"start":{"line":82,"column":24},"end":{"line":82,"column":70}},"94":{"start":{"line":84,"column":20},"end":{"line":84,"column":83}},"95":{"start":{"line":85,"column":20},"end":{"line":87,"column":21}},"96":{"start":{"line":86,"column":24},"end":{"line":86,"column":86}},"97":{"start":{"line":88,"column":20},"end":{"line":88,"column":33}},"98":{"start":{"line":90,"column":20},"end":{"line":90,"column":46}},"99":{"start":{"line":91,"column":20},"end":{"line":97,"column":28}},"100":{"start":{"line":99,"column":20},"end":{"line":99,"column":40}},"101":{"start":{"line":100,"column":20},"end":{"line":100,"column":73}},"102":{"start":{"line":102,"column":20},"end":{"line":102,"column":40}},"103":{"start":{"line":103,"column":20},"end":{"line":103,"column":80}},"104":{"start":{"line":104,"column":24},"end":{"line":104,"column":75}},"105":{"start":{"line":108,"column":4},"end":{"line":139,"column":10}},"106":{"start":{"line":108,"column":51},"end":{"line":139,"column":7}},"107":{"start":{"line":110,"column":8},"end":{"line":138,"column":11}},"108":{"start":{"line":111,"column":12},"end":{"line":137,"column":13}},"109":{"start":{"line":113,"column":20},"end":{"line":113,"column":51}},"110":{"start":{"line":114,"column":20},"end":{"line":120,"column":21}},"111":{"start":{"line":115,"column":24},"end":{"line":115,"column":86}},"112":{"start":{"line":116,"column":24},"end":{"line":116,"column":47}},"113":{"start":{"line":119,"column":24},"end":{"line":119,"column":70}},"114":{"start":{"line":121,"column":20},"end":{"line":121,"column":75}},"115":{"start":{"line":123,"column":20},"end":{"line":123,"column":37}},"116":{"start":{"line":124,"column":20},"end":{"line":124,"column":47}},"117":{"start":{"line":125,"column":20},"end":{"line":127,"column":21}},"118":{"start":{"line":126,"column":24},"end":{"line":126,"column":100}},"119":{"start":{"line":129,"column":20},"end":{"line":132,"column":23}},"120":{"start":{"line":133,"column":20},"end":{"line":133,"column":71}},"121":{"start":{"line":135,"column":20},"end":{"line":135,"column":30}},"122":{"start":{"line":136,"column":20},"end":{"line":136,"column":80}},"123":{"start":{"line":140,"column":4},"end":{"line":185,"column":10}},"124":{"start":{"line":140,"column":52},"end":{"line":185,"column":7}},"125":{"start":{"line":142,"column":8},"end":{"line":184,"column":11}},"126":{"start":{"line":143,"column":12},"end":{"line":183,"column":13}},"127":{"start":{"line":145,"column":20},"end":{"line":145,"column":39}},"128":{"start":{"line":146,"column":20},"end":{"line":146,"column":47}},"129":{"start":{"line":147,"column":20},"end":{"line":147,"column":33}},"130":{"start":{"line":149,"column":20},"end":{"line":149,"column":46}},"131":{"start":{"line":150,"column":20},"end":{"line":150,"column":86}},"132":{"start":{"line":152,"column":20},"end":{"line":152,"column":37}},"133":{"start":{"line":153,"column":20},"end":{"line":153,"column":44}},"134":{"start":{"line":155,"column":20},"end":{"line":155,"column":40}},"135":{"start":{"line":156,"column":20},"end":{"line":156,"column":82}},"136":{"start":{"line":159,"column":20},"end":{"line":161,"column":21}},"137":{"start":{"line":160,"column":24},"end":{"line":160,"column":47}},"138":{"start":{"line":163,"column":20},"end":{"line":163,"column":80}},"139":{"start":{"line":165,"column":20},"end":{"line":165,"column":49}},"140":{"start":{"line":166,"column":20},"end":{"line":168,"column":21}},"141":{"start":{"line":167,"column":24},"end":{"line":167,"column":86}},"142":{"start":{"line":170,"column":20},"end":{"line":170,"column":33}},"143":{"start":{"line":172,"column":20},"end":{"line":172,"column":46}},"144":{"start":{"line":173,"column":20},"end":{"line":173,"column":68}},"145":{"start":{"line":175,"column":20},"end":{"line":175,"column":30}},"146":{"start":{"line":176,"column":20},"end":{"line":176,"column":44}},"147":{"start":{"line":178,"column":20},"end":{"line":178,"column":40}},"148":{"start":{"line":179,"column":20},"end":{"line":179,"column":73}},"149":{"start":{"line":182,"column":20},"end":{"line":182,"column":80}},"150":{"start":{"line":186,"column":4},"end":{"line":208,"column":10}},"151":{"start":{"line":186,"column":54},"end":{"line":208,"column":7}},"152":{"start":{"line":188,"column":8},"end":{"line":207,"column":11}},"153":{"start":{"line":189,"column":12},"end":{"line":206,"column":13}},"154":{"start":{"line":191,"column":20},"end":{"line":191,"column":39}},"155":{"start":{"line":192,"column":20},"end":{"line":192,"column":33}},"156":{"start":{"line":194,"column":20},"end":{"line":194,"column":46}},"157":{"start":{"line":195,"column":20},"end":{"line":195,"column":86}},"158":{"start":{"line":197,"column":20},"end":{"line":197,"column":37}},"159":{"start":{"line":198,"column":20},"end":{"line":198,"column":44}},"160":{"start":{"line":200,"column":20},"end":{"line":200,"column":40}},"161":{"start":{"line":201,"column":20},"end":{"line":201,"column":82}},"162":{"start":{"line":204,"column":20},"end":{"line":204,"column":46}},"163":{"start":{"line":205,"column":20},"end":{"line":205,"column":66}},"164":{"start":{"line":209,"column":4},"end":{"line":209,"column":26}},"165":{"start":{"line":211,"column":0},"end":{"line":211,"column":40}}},"fnMap":{"0":{"name":"(anonymous_0)","decl":{"start":{"line":2,"column":44},"end":{"line":2,"column":45}},"loc":{"start":{"line":2,"column":89},"end":{"line":10,"column":1}},"line":2},"1":{"name":"adopt","decl":{"start":{"line":3,"column":13},"end":{"line":3,"column":18}},"loc":{"start":{"line":3,"column":26},"end":{"line":3,"column":112}},"line":3},"2":{"name":"(anonymous_2)","decl":{"start":{"line":3,"column":70},"end":{"line":3,"column":71}},"loc":{"start":{"line":3,"column":89},"end":{"line":3,"column":108}},"line":3},"3":{"name":"(anonymous_3)","decl":{"start":{"line":4,"column":36},"end":{"line":4,"column":37}},"loc":{"start":{"line":4,"column":63},"end":{"line":9,"column":5}},"line":4},"4":{"name":"fulfilled","decl":{"start":{"line":5,"column":17},"end":{"line":5,"column":26}},"loc":{"start":{"line":5,"column":34},"end":{"line":5,"column":99}},"line":5},"5":{"name":"rejected","decl":{"start":{"line":6,"column":17},"end":{"line":6,"column":25}},"loc":{"start":{"line":6,"column":33},"end":{"line":6,"column":102}},"line":6},"6":{"name":"step","decl":{"start":{"line":7,"column":17},"end":{"line":7,"column":21}},"loc":{"start":{"line":7,"column":30},"end":{"line":7,"column":118}},"line":7},"7":{"name":"(anonymous_7)","decl":{"start":{"line":11,"column":48},"end":{"line":11,"column":49}},"loc":{"start":{"line":11,"column":73},"end":{"line":37,"column":1}},"line":11},"8":{"name":"(anonymous_8)","decl":{"start":{"line":12,"column":30},"end":{"line":12,"column":31}},"loc":{"start":{"line":12,"column":41},"end":{"line":12,"column":83}},"line":12},"9":{"name":"(anonymous_9)","decl":{"start":{"line":13,"column":125},"end":{"line":13,"column":126}},"loc":{"start":{"line":13,"column":136},"end":{"line":13,"column":152}},"line":13},"10":{"name":"verb","decl":{"start":{"line":14,"column":13},"end":{"line":14,"column":17}},"loc":{"start":{"line":14,"column":21},"end":{"line":14,"column":70}},"line":14},"11":{"name":"(anonymous_11)","decl":{"start":{"line":14,"column":30},"end":{"line":14,"column":31}},"loc":{"start":{"line":14,"column":43},"end":{"line":14,"column":67}},"line":14},"12":{"name":"step","decl":{"start":{"line":15,"column":13},"end":{"line":15,"column":17}},"loc":{"start":{"line":15,"column":22},"end":{"line":36,"column":5}},"line":15},"13":{"name":"(anonymous_13)","decl":{"start":{"line":48,"column":36},"end":{"line":48,"column":37}},"loc":{"start":{"line":48,"column":48},"end":{"line":210,"column":1}},"line":48},"14":{"name":"PostController","decl":{"start":{"line":49,"column":13},"end":{"line":49,"column":27}},"loc":{"start":{"line":49,"column":30},"end":{"line":50,"column":5}},"line":49},"15":{"name":"(anonymous_15)","decl":{"start":{"line":53,"column":33},"end":{"line":53,"column":34}},"loc":{"start":{"line":53,"column":53},"end":{"line":70,"column":9}},"line":53},"16":{"name":"(anonymous_16)","decl":{"start":{"line":53,"column":96},"end":{"line":53,"column":97}},"loc":{"start":{"line":53,"column":108},"end":{"line":70,"column":5}},"line":53},"17":{"name":"(anonymous_17)","decl":{"start":{"line":55,"column":31},"end":{"line":55,"column":32}},"loc":{"start":{"line":55,"column":45},"end":{"line":69,"column":9}},"line":55},"18":{"name":"(anonymous_18)","decl":{"start":{"line":71,"column":41},"end":{"line":71,"column":42}},"loc":{"start":{"line":71,"column":61},"end":{"line":107,"column":9}},"line":71},"19":{"name":"(anonymous_19)","decl":{"start":{"line":71,"column":104},"end":{"line":71,"column":105}},"loc":{"start":{"line":71,"column":116},"end":{"line":107,"column":5}},"line":71},"20":{"name":"(anonymous_20)","decl":{"start":{"line":73,"column":31},"end":{"line":73,"column":32}},"loc":{"start":{"line":73,"column":45},"end":{"line":106,"column":9}},"line":73},"21":{"name":"(anonymous_21)","decl":{"start":{"line":108,"column":29},"end":{"line":108,"column":30}},"loc":{"start":{"line":108,"column":49},"end":{"line":139,"column":9}},"line":108},"22":{"name":"(anonymous_22)","decl":{"start":{"line":108,"column":92},"end":{"line":108,"column":93}},"loc":{"start":{"line":108,"column":104},"end":{"line":139,"column":5}},"line":108},"23":{"name":"(anonymous_23)","decl":{"start":{"line":110,"column":31},"end":{"line":110,"column":32}},"loc":{"start":{"line":110,"column":45},"end":{"line":138,"column":9}},"line":110},"24":{"name":"(anonymous_24)","decl":{"start":{"line":140,"column":30},"end":{"line":140,"column":31}},"loc":{"start":{"line":140,"column":50},"end":{"line":185,"column":9}},"line":140},"25":{"name":"(anonymous_25)","decl":{"start":{"line":140,"column":93},"end":{"line":140,"column":94}},"loc":{"start":{"line":140,"column":105},"end":{"line":185,"column":5}},"line":140},"26":{"name":"(anonymous_26)","decl":{"start":{"line":142,"column":31},"end":{"line":142,"column":32}},"loc":{"start":{"line":142,"column":45},"end":{"line":184,"column":9}},"line":142},"27":{"name":"(anonymous_27)","decl":{"start":{"line":186,"column":32},"end":{"line":186,"column":33}},"loc":{"start":{"line":186,"column":52},"end":{"line":208,"column":9}},"line":186},"28":{"name":"(anonymous_28)","decl":{"start":{"line":186,"column":95},"end":{"line":186,"column":96}},"loc":{"start":{"line":186,"column":107},"end":{"line":208,"column":5}},"line":186},"29":{"name":"(anonymous_29)","decl":{"start":{"line":188,"column":31},"end":{"line":188,"column":32}},"loc":{"start":{"line":188,"column":45},"end":{"line":207,"column":9}},"line":188}},"branchMap":{"0":{"loc":{"start":{"line":2,"column":16},"end":{"line":10,"column":1}},"type":"binary-expr","locations":[{"start":{"line":2,"column":17},"end":{"line":2,"column":21}},{"start":{"line":2,"column":25},"end":{"line":2,"column":39}},{"start":{"line":2,"column":44},"end":{"line":10,"column":1}}],"line":2},"1":{"loc":{"start":{"line":3,"column":35},"end":{"line":3,"column":109}},"type":"cond-expr","locations":[{"start":{"line":3,"column":56},"end":{"line":3,"column":61}},{"start":{"line":3,"column":64},"end":{"line":3,"column":109}}],"line":3},"2":{"loc":{"start":{"line":4,"column":16},"end":{"line":4,"column":34}},"type":"binary-expr","locations":[{"start":{"line":4,"column":16},"end":{"line":4,"column":17}},{"start":{"line":4,"column":22},"end":{"line":4,"column":33}}],"line":4},"3":{"loc":{"start":{"line":7,"column":32},"end":{"line":7,"column":115}},"type":"cond-expr","locations":[{"start":{"line":7,"column":46},"end":{"line":7,"column":67}},{"start":{"line":7,"column":70},"end":{"line":7,"column":115}}],"line":7},"4":{"loc":{"start":{"line":8,"column":51},"end":{"line":8,"column":67}},"type":"binary-expr","locations":[{"start":{"line":8,"column":51},"end":{"line":8,"column":61}},{"start":{"line":8,"column":65},"end":{"line":8,"column":67}}],"line":8},"5":{"loc":{"start":{"line":11,"column":18},"end":{"line":37,"column":1}},"type":"binary-expr","locations":[{"start":{"line":11,"column":19},"end":{"line":11,"column":23}},{"start":{"line":11,"column":27},"end":{"line":11,"column":43}},{"start":{"line":11,"column":48},"end":{"line":37,"column":1}}],"line":11},"6":{"loc":{"start":{"line":12,"column":43},"end":{"line":12,"column":68}},"type":"if","locations":[{"start":{"line":12,"column":43},"end":{"line":12,"column":68}},{"start":{},"end":{}}],"line":12},"7":{"loc":{"start":{"line":13,"column":71},"end":{"line":13,"column":153}},"type":"binary-expr","locations":[{"start":{"line":13,"column":71},"end":{"line":13,"column":99}},{"start":{"line":13,"column":104},"end":{"line":13,"column":152}}],"line":13},"8":{"loc":{"start":{"line":16,"column":8},"end":{"line":16,"column":70}},"type":"if","locations":[{"start":{"line":16,"column":8},"end":{"line":16,"column":70}},{"start":{},"end":{}}],"line":16},"9":{"loc":{"start":{"line":18,"column":12},"end":{"line":18,"column":169}},"type":"if","locations":[{"start":{"line":18,"column":12},"end":{"line":18,"column":169}},{"start":{},"end":{}}],"line":18},"10":{"loc":{"start":{"line":18,"column":23},"end":{"line":18,"column":158}},"type":"binary-expr","locations":[{"start":{"line":18,"column":23},"end":{"line":18,"column":24}},{"start":{"line":18,"column":29},"end":{"line":18,"column":125}},{"start":{"line":18,"column":130},"end":{"line":18,"column":158}}],"line":18},"11":{"loc":{"start":{"line":18,"column":33},"end":{"line":18,"column":125}},"type":"cond-expr","locations":[{"start":{"line":18,"column":45},"end":{"line":18,"column":56}},{"start":{"line":18,"column":59},"end":{"line":18,"column":125}}],"line":18},"12":{"loc":{"start":{"line":18,"column":59},"end":{"line":18,"column":125}},"type":"cond-expr","locations":[{"start":{"line":18,"column":67},"end":{"line":18,"column":116}},{"start":{"line":18,"column":119},"end":{"line":18,"column":125}}],"line":18},"13":{"loc":{"start":{"line":18,"column":67},"end":{"line":18,"column":116}},"type":"binary-expr","locations":[{"start":{"line":18,"column":67},"end":{"line":18,"column":77}},{"start":{"line":18,"column":82},"end":{"line":18,"column":115}}],"line":18},"14":{"loc":{"start":{"line":18,"column":82},"end":{"line":18,"column":112}},"type":"binary-expr","locations":[{"start":{"line":18,"column":83},"end":{"line":18,"column":98}},{"start":{"line":18,"column":103},"end":{"line":18,"column":112}}],"line":18},"15":{"loc":{"start":{"line":19,"column":12},"end":{"line":19,"column":52}},"type":"if","locations":[{"start":{"line":19,"column":12},"end":{"line":19,"column":52}},{"start":{},"end":{}}],"line":19},"16":{"loc":{"start":{"line":20,"column":12},"end":{"line":32,"column":13}},"type":"switch","locations":[{"start":{"line":21,"column":16},"end":{"line":21,"column":23}},{"start":{"line":21,"column":24},"end":{"line":21,"column":46}},{"start":{"line":22,"column":16},"end":{"line":22,"column":72}},{"start":{"line":23,"column":16},"end":{"line":23,"column":65}},{"start":{"line":24,"column":16},"end":{"line":24,"column":65}},{"start":{"line":25,"column":16},"end":{"line":31,"column":43}}],"line":20},"17":{"loc":{"start":{"line":26,"column":20},"end":{"line":26,"column":128}},"type":"if","locations":[{"start":{"line":26,"column":20},"end":{"line":26,"column":128}},{"start":{},"end":{}}],"line":26},"18":{"loc":{"start":{"line":26,"column":24},"end":{"line":26,"column":106}},"type":"binary-expr","locations":[{"start":{"line":26,"column":24},"end":{"line":26,"column":74}},{"start":{"line":26,"column":79},"end":{"line":26,"column":90}},{"start":{"line":26,"column":94},"end":{"line":26,"column":105}}],"line":26},"19":{"loc":{"start":{"line":26,"column":42},"end":{"line":26,"column":73}},"type":"binary-expr","locations":[{"start":{"line":26,"column":42},"end":{"line":26,"column":54}},{"start":{"line":26,"column":58},"end":{"line":26,"column":73}}],"line":26},"20":{"loc":{"start":{"line":27,"column":20},"end":{"line":27,"column":106}},"type":"if","locations":[{"start":{"line":27,"column":20},"end":{"line":27,"column":106}},{"start":{},"end":{}}],"line":27},"21":{"loc":{"start":{"line":27,"column":24},"end":{"line":27,"column":77}},"type":"binary-expr","locations":[{"start":{"line":27,"column":24},"end":{"line":27,"column":35}},{"start":{"line":27,"column":40},"end":{"line":27,"column":42}},{"start":{"line":27,"column":47},"end":{"line":27,"column":59}},{"start":{"line":27,"column":63},"end":{"line":27,"column":75}}],"line":27},"22":{"loc":{"start":{"line":28,"column":20},"end":{"line":28,"column":89}},"type":"if","locations":[{"start":{"line":28,"column":20},"end":{"line":28,"column":89}},{"start":{},"end":{}}],"line":28},"23":{"loc":{"start":{"line":28,"column":24},"end":{"line":28,"column":53}},"type":"binary-expr","locations":[{"start":{"line":28,"column":24},"end":{"line":28,"column":35}},{"start":{"line":28,"column":39},"end":{"line":28,"column":53}}],"line":28},"24":{"loc":{"start":{"line":29,"column":20},"end":{"line":29,"column":87}},"type":"if","locations":[{"start":{"line":29,"column":20},"end":{"line":29,"column":87}},{"start":{},"end":{}}],"line":29},"25":{"loc":{"start":{"line":29,"column":24},"end":{"line":29,"column":43}},"type":"binary-expr","locations":[{"start":{"line":29,"column":24},"end":{"line":29,"column":25}},{"start":{"line":29,"column":29},"end":{"line":29,"column":43}}],"line":29},"26":{"loc":{"start":{"line":30,"column":20},"end":{"line":30,"column":42}},"type":"if","locations":[{"start":{"line":30,"column":20},"end":{"line":30,"column":42}},{"start":{},"end":{}}],"line":30},"27":{"loc":{"start":{"line":35,"column":8},"end":{"line":35,"column":35}},"type":"if","locations":[{"start":{"line":35,"column":8},"end":{"line":35,"column":35}},{"start":{},"end":{}}],"line":35},"28":{"loc":{"start":{"line":35,"column":52},"end":{"line":35,"column":74}},"type":"cond-expr","locations":[{"start":{"line":35,"column":60},"end":{"line":35,"column":65}},{"start":{"line":35,"column":68},"end":{"line":35,"column":74}}],"line":35},"29":{"loc":{"start":{"line":56,"column":12},"end":{"line":68,"column":13}},"type":"switch","locations":[{"start":{"line":57,"column":16},"end":{"line":64,"column":24}},{"start":{"line":65,"column":16},"end":{"line":67,"column":71}}],"line":56},"30":{"loc":{"start":{"line":74,"column":12},"end":{"line":105,"column":13}},"type":"switch","locations":[{"start":{"line":75,"column":16},"end":{"line":88,"column":33}},{"start":{"line":89,"column":16},"end":{"line":97,"column":28}},{"start":{"line":98,"column":16},"end":{"line":100,"column":73}},{"start":{"line":101,"column":16},"end":{"line":103,"column":80}},{"start":{"line":104,"column":16},"end":{"line":104,"column":75}}],"line":74},"31":{"loc":{"start":{"line":85,"column":20},"end":{"line":87,"column":21}},"type":"if","locations":[{"start":{"line":85,"column":20},"end":{"line":87,"column":21}},{"start":{},"end":{}}],"line":85},"32":{"loc":{"start":{"line":111,"column":12},"end":{"line":137,"column":13}},"type":"switch","locations":[{"start":{"line":112,"column":16},"end":{"line":121,"column":75}},{"start":{"line":122,"column":16},"end":{"line":133,"column":71}},{"start":{"line":134,"column":16},"end":{"line":136,"column":80}}],"line":111},"33":{"loc":{"start":{"line":125,"column":20},"end":{"line":127,"column":21}},"type":"if","locations":[{"start":{"line":125,"column":20},"end":{"line":127,"column":21}},{"start":{},"end":{}}],"line":125},"34":{"loc":{"start":{"line":143,"column":12},"end":{"line":183,"column":13}},"type":"switch","locations":[{"start":{"line":144,"column":16},"end":{"line":147,"column":33}},{"start":{"line":148,"column":16},"end":{"line":150,"column":86}},{"start":{"line":151,"column":16},"end":{"line":153,"column":44}},{"start":{"line":154,"column":16},"end":{"line":156,"column":82}},{"start":{"line":157,"column":16},"end":{"line":163,"column":80}},{"start":{"line":164,"column":16},"end":{"line":170,"column":33}},{"start":{"line":171,"column":16},"end":{"line":173,"column":68}},{"start":{"line":174,"column":16},"end":{"line":176,"column":44}},{"start":{"line":177,"column":16},"end":{"line":179,"column":73}},{"start":{"line":180,"column":16},"end":{"line":182,"column":80}}],"line":143},"35":{"loc":{"start":{"line":159,"column":20},"end":{"line":161,"column":21}},"type":"if","locations":[{"start":{"line":159,"column":20},"end":{"line":161,"column":21}},{"start":{},"end":{}}],"line":159},"36":{"loc":{"start":{"line":166,"column":20},"end":{"line":168,"column":21}},"type":"if","locations":[{"start":{"line":166,"column":20},"end":{"line":168,"column":21}},{"start":{},"end":{}}],"line":166},"37":{"loc":{"start":{"line":189,"column":12},"end":{"line":206,"column":13}},"type":"switch","locations":[{"start":{"line":190,"column":16},"end":{"line":192,"column":33}},{"start":{"line":193,"column":16},"end":{"line":195,"column":86}},{"start":{"line":196,"column":16},"end":{"line":198,"column":44}},{"start":{"line":199,"column":16},"end":{"line":201,"column":82}},{"start":{"line":202,"column":16},"end":{"line":205,"column":66}}],"line":189}},"s":{"0":1,"1":0,"2":0,"3":0,"4":0,"5":0,"6":0,"7":0,"8":0,"9":0,"10":0,"11":0,"12":1,"13":0,"14":0,"15":0,"16":0,"17":0,"18":0,"19":0,"20":0,"21":0,"22":0,"23":0,"24":0,"25":0,"26":0,"27":0,"28":0,"29":0,"30":0,"31":0,"32":0,"33":0,"34":0,"35":0,"36":0,"37":0,"38":0,"39":0,"40":0,"41":0,"42":0,"43":0,"44":0,"45":0,"46":0,"47":0,"48":0,"49":0,"50":0,"51":0,"52":0,"53":0,"54":0,"55":0,"56":0,"57":0,"58":0,"59":0,"60":0,"61":0,"62":0,"63":0,"64":0,"65":0,"66":1,"67":1,"68":1,"69":1,"70":1,"71":1,"72":1,"73":1,"74":1,"75":1,"76":1,"77":1,"78":1,"79":0,"80":0,"81":0,"82":0,"83":0,"84":0,"85":1,"86":0,"87":0,"88":0,"89":0,"90":0,"91":0,"92":0,"93":0,"94":0,"95":0,"96":0,"97":0,"98":0,"99":0,"100":0,"101":0,"102":0,"103":0,"104":0,"105":1,"106":0,"107":0,"108":0,"109":0,"110":0,"111":0,"112":0,"113":0,"114":0,"115":0,"116":0,"117":0,"118":0,"119":0,"120":0,"121":0,"122":0,"123":1,"124":0,"125":0,"126":0,"127":0,"128":0,"129":0,"130":0,"131":0,"132":0,"133":0,"134":0,"135":0,"136":0,"137":0,"138":0,"139":0,"140":0,"141":0,"142":0,"143":0,"144":0,"145":0,"146":0,"147":0,"148":0,"149":0,"150":1,"151":0,"152":0,"153":0,"154":0,"155":0,"156":0,"157":0,"158":0,"159":0,"160":0,"161":0,"162":0,"163":0,"164":1,"165":1},"f":{"0":0,"1":0,"2":0,"3":0,"4":0,"5":0,"6":0,"7":0,"8":0,"9":0,"10":0,"11":0,"12":0,"13":1,"14":0,"15":0,"16":0,"17":0,"18":0,"19":0,"20":0,"21":0,"22":0,"23":0,"24":0,"25":0,"26":0,"27":0,"28":0,"29":0},"b":{"0":[1,1,1],"1":[0,0],"2":[0,0],"3":[0,0],"4":[0,0],"5":[1,1,1],"6":[0,0],"7":[0,0],"8":[0,0],"9":[0,0],"10":[0,0,0],"11":[0,0],"12":[0,0],"13":[0,0],"14":[0,0],"15":[0,0],"16":[0,0,0,0,0,0],"17":[0,0],"18":[0,0,0],"19":[0,0],"20":[0,0],"21":[0,0,0,0],"22":[0,0],"23":[0,0],"24":[0,0],"25":[0,0],"26":[0,0],"27":[0,0],"28":[0,0],"29":[0,0],"30":[0,0,0,0,0],"31":[0,0],"32":[0,0,0],"33":[0,0],"34":[0,0,0,0,0,0,0,0,0,0],"35":[0,0],"36":[0,0],"37":[0,0,0,0,0]},"inputSourceMap":null,"_coverageSchema":"1a1c01bbd47fc00a2c39e90264f33305004495a9","hash":"156127b3a706dddea6e347fda5a64dd6a9a1d6e5"}
,"C:\\Users\\fabri\\Documents\\GitHubProjects\\HandsOn4ParrotAPI\\build\\controller\\UserController.js": {"path":"C:\\Users\\fabri\\Documents\\GitHubProjects\\HandsOn4ParrotAPI\\build\\controller\\UserController.js","statementMap":{"0":{"start":{"line":2,"column":16},"end":{"line":10,"column":1}},"1":{"start":{"line":3,"column":28},"end":{"line":3,"column":110}},"2":{"start":{"line":3,"column":91},"end":{"line":3,"column":106}},"3":{"start":{"line":4,"column":4},"end":{"line":9,"column":7}},"4":{"start":{"line":5,"column":36},"end":{"line":5,"column":97}},"5":{"start":{"line":5,"column":42},"end":{"line":5,"column":70}},"6":{"start":{"line":5,"column":85},"end":{"line":5,"column":95}},"7":{"start":{"line":6,"column":35},"end":{"line":6,"column":100}},"8":{"start":{"line":6,"column":41},"end":{"line":6,"column":73}},"9":{"start":{"line":6,"column":88},"end":{"line":6,"column":98}},"10":{"start":{"line":7,"column":32},"end":{"line":7,"column":116}},"11":{"start":{"line":8,"column":8},"end":{"line":8,"column":78}},"12":{"start":{"line":11,"column":18},"end":{"line":37,"column":1}},"13":{"start":{"line":12,"column":12},"end":{"line":12,"column":104}},"14":{"start":{"line":12,"column":43},"end":{"line":12,"column":68}},"15":{"start":{"line":12,"column":57},"end":{"line":12,"column":68}},"16":{"start":{"line":12,"column":69},"end":{"line":12,"column":81}},"17":{"start":{"line":13,"column":4},"end":{"line":13,"column":157}},"18":{"start":{"line":13,"column":138},"end":{"line":13,"column":150}},"19":{"start":{"line":14,"column":23},"end":{"line":14,"column":68}},"20":{"start":{"line":14,"column":45},"end":{"line":14,"column":65}},"21":{"start":{"line":16,"column":8},"end":{"line":16,"column":70}},"22":{"start":{"line":16,"column":15},"end":{"line":16,"column":70}},"23":{"start":{"line":17,"column":8},"end":{"line":34,"column":66}},"24":{"start":{"line":17,"column":18},"end":{"line":34,"column":66}},"25":{"start":{"line":18,"column":12},"end":{"line":18,"column":169}},"26":{"start":{"line":18,"column":160},"end":{"line":18,"column":169}},"27":{"start":{"line":19,"column":12},"end":{"line":19,"column":52}},"28":{"start":{"line":19,"column":26},"end":{"line":19,"column":52}},"29":{"start":{"line":20,"column":12},"end":{"line":32,"column":13}},"30":{"start":{"line":21,"column":32},"end":{"line":21,"column":39}},"31":{"start":{"line":21,"column":40},"end":{"line":21,"column":46}},"32":{"start":{"line":22,"column":24},"end":{"line":22,"column":34}},"33":{"start":{"line":22,"column":35},"end":{"line":22,"column":72}},"34":{"start":{"line":23,"column":24},"end":{"line":23,"column":34}},"35":{"start":{"line":23,"column":35},"end":{"line":23,"column":45}},"36":{"start":{"line":23,"column":46},"end":{"line":23,"column":55}},"37":{"start":{"line":23,"column":56},"end":{"line":23,"column":65}},"38":{"start":{"line":24,"column":24},"end":{"line":24,"column":41}},"39":{"start":{"line":24,"column":42},"end":{"line":24,"column":55}},"40":{"start":{"line":24,"column":56},"end":{"line":24,"column":65}},"41":{"start":{"line":26,"column":20},"end":{"line":26,"column":128}},"42":{"start":{"line":26,"column":110},"end":{"line":26,"column":116}},"43":{"start":{"line":26,"column":117},"end":{"line":26,"column":126}},"44":{"start":{"line":27,"column":20},"end":{"line":27,"column":106}},"45":{"start":{"line":27,"column":81},"end":{"line":27,"column":97}},"46":{"start":{"line":27,"column":98},"end":{"line":27,"column":104}},"47":{"start":{"line":28,"column":20},"end":{"line":28,"column":89}},"48":{"start":{"line":28,"column":57},"end":{"line":28,"column":72}},"49":{"start":{"line":28,"column":73},"end":{"line":28,"column":80}},"50":{"start":{"line":28,"column":81},"end":{"line":28,"column":87}},"51":{"start":{"line":29,"column":20},"end":{"line":29,"column":87}},"52":{"start":{"line":29,"column":47},"end":{"line":29,"column":62}},"53":{"start":{"line":29,"column":63},"end":{"line":29,"column":78}},"54":{"start":{"line":29,"column":79},"end":{"line":29,"column":85}},"55":{"start":{"line":30,"column":20},"end":{"line":30,"column":42}},"56":{"start":{"line":30,"column":30},"end":{"line":30,"column":42}},"57":{"start":{"line":31,"column":20},"end":{"line":31,"column":33}},"58":{"start":{"line":31,"column":34},"end":{"line":31,"column":43}},"59":{"start":{"line":33,"column":12},"end":{"line":33,"column":39}},"60":{"start":{"line":34,"column":22},"end":{"line":34,"column":34}},"61":{"start":{"line":34,"column":35},"end":{"line":34,"column":41}},"62":{"start":{"line":34,"column":54},"end":{"line":34,"column":64}},"63":{"start":{"line":35,"column":8},"end":{"line":35,"column":35}},"64":{"start":{"line":35,"column":23},"end":{"line":35,"column":35}},"65":{"start":{"line":35,"column":36},"end":{"line":35,"column":89}},"66":{"start":{"line":38,"column":0},"end":{"line":38,"column":62}},"67":{"start":{"line":39,"column":0},"end":{"line":39,"column":32}},"68":{"start":{"line":40,"column":24},"end":{"line":40,"column":50}},"69":{"start":{"line":41,"column":10},"end":{"line":41,"column":33}},"70":{"start":{"line":42,"column":13},"end":{"line":42,"column":38}},"71":{"start":{"line":43,"column":20},"end":{"line":43,"column":45}},"72":{"start":{"line":44,"column":15},"end":{"line":44,"column":42}},"73":{"start":{"line":45,"column":21},"end":{"line":45,"column":75}},"74":{"start":{"line":46,"column":36},"end":{"line":218,"column":3}},"75":{"start":{"line":50,"column":4},"end":{"line":50,"column":24}},"76":{"start":{"line":51,"column":4},"end":{"line":86,"column":10}},"77":{"start":{"line":51,"column":51},"end":{"line":86,"column":7}},"78":{"start":{"line":53,"column":8},"end":{"line":85,"column":11}},"79":{"start":{"line":54,"column":12},"end":{"line":84,"column":13}},"80":{"start":{"line":56,"column":20},"end":{"line":56,"column":118}},"81":{"start":{"line":57,"column":20},"end":{"line":57,"column":45}},"82":{"start":{"line":58,"column":20},"end":{"line":58,"column":37}},"83":{"start":{"line":59,"column":20},"end":{"line":59,"column":39}},"84":{"start":{"line":60,"column":20},"end":{"line":60,"column":47}},"85":{"start":{"line":61,"column":20},"end":{"line":61,"column":45}},"86":{"start":{"line":62,"column":20},"end":{"line":62,"column":42}},"87":{"start":{"line":63,"column":20},"end":{"line":63,"column":40}},"88":{"start":{"line":64,"column":20},"end":{"line":64,"column":80}},"89":{"start":{"line":66,"column":20},"end":{"line":66,"column":49}},"90":{"start":{"line":67,"column":20},"end":{"line":69,"column":21}},"91":{"start":{"line":68,"column":24},"end":{"line":68,"column":86}},"92":{"start":{"line":71,"column":20},"end":{"line":71,"column":33}},"93":{"start":{"line":73,"column":20},"end":{"line":73,"column":46}},"94":{"start":{"line":74,"column":20},"end":{"line":74,"column":68}},"95":{"start":{"line":76,"column":20},"end":{"line":76,"column":30}},"96":{"start":{"line":77,"column":20},"end":{"line":77,"column":44}},"97":{"start":{"line":79,"column":20},"end":{"line":79,"column":40}},"98":{"start":{"line":80,"column":20},"end":{"line":80,"column":73}},"99":{"start":{"line":83,"column":20},"end":{"line":83,"column":80}},"100":{"start":{"line":87,"column":4},"end":{"line":106,"column":10}},"101":{"start":{"line":87,"column":58},"end":{"line":106,"column":7}},"102":{"start":{"line":89,"column":8},"end":{"line":105,"column":11}},"103":{"start":{"line":90,"column":12},"end":{"line":104,"column":13}},"104":{"start":{"line":92,"column":20},"end":{"line":92,"column":39}},"105":{"start":{"line":93,"column":20},"end":{"line":93,"column":33}},"106":{"start":{"line":95,"column":20},"end":{"line":95,"column":46}},"107":{"start":{"line":96,"column":20},"end":{"line":96,"column":94}},"108":{"start":{"line":98,"column":20},"end":{"line":98,"column":37}},"109":{"start":{"line":99,"column":20},"end":{"line":99,"column":44}},"110":{"start":{"line":101,"column":20},"end":{"line":101,"column":40}},"111":{"start":{"line":102,"column":20},"end":{"line":102,"column":82}},"112":{"start":{"line":103,"column":24},"end":{"line":103,"column":74}},"113":{"start":{"line":107,"column":4},"end":{"line":158,"column":10}},"114":{"start":{"line":107,"column":52},"end":{"line":158,"column":7}},"115":{"start":{"line":109,"column":8},"end":{"line":157,"column":11}},"116":{"start":{"line":110,"column":12},"end":{"line":156,"column":13}},"117":{"start":{"line":112,"column":20},"end":{"line":112,"column":39}},"118":{"start":{"line":113,"column":20},"end":{"line":113,"column":94}},"119":{"start":{"line":114,"column":20},"end":{"line":114,"column":33}},"120":{"start":{"line":116,"column":20},"end":{"line":116,"column":46}},"121":{"start":{"line":117,"column":20},"end":{"line":117,"column":94}},"122":{"start":{"line":119,"column":20},"end":{"line":119,"column":37}},"123":{"start":{"line":120,"column":20},"end":{"line":120,"column":44}},"124":{"start":{"line":122,"column":20},"end":{"line":122,"column":40}},"125":{"start":{"line":123,"column":20},"end":{"line":123,"column":82}},"126":{"start":{"line":126,"column":20},"end":{"line":128,"column":21}},"127":{"start":{"line":127,"column":24},"end":{"line":127,"column":41}},"128":{"start":{"line":130,"column":20},"end":{"line":132,"column":21}},"129":{"start":{"line":131,"column":24},"end":{"line":131,"column":43}},"130":{"start":{"line":134,"column":20},"end":{"line":136,"column":21}},"131":{"start":{"line":135,"column":24},"end":{"line":135,"column":51}},"132":{"start":{"line":138,"column":20},"end":{"line":138,"column":80}},"133":{"start":{"line":140,"column":20},"end":{"line":140,"column":49}},"134":{"start":{"line":141,"column":20},"end":{"line":143,"column":21}},"135":{"start":{"line":142,"column":24},"end":{"line":142,"column":86}},"136":{"start":{"line":145,"column":20},"end":{"line":145,"column":33}},"137":{"start":{"line":147,"column":20},"end":{"line":147,"column":46}},"138":{"start":{"line":148,"column":20},"end":{"line":148,"column":68}},"139":{"start":{"line":150,"column":20},"end":{"line":150,"column":30}},"140":{"start":{"line":151,"column":20},"end":{"line":151,"column":44}},"141":{"start":{"line":153,"column":20},"end":{"line":153,"column":40}},"142":{"start":{"line":154,"column":20},"end":{"line":154,"column":89}},"143":{"start":{"line":155,"column":24},"end":{"line":155,"column":74}},"144":{"start":{"line":160,"column":4},"end":{"line":180,"column":10}},"145":{"start":{"line":160,"column":64},"end":{"line":180,"column":7}},"146":{"start":{"line":162,"column":8},"end":{"line":179,"column":11}},"147":{"start":{"line":163,"column":12},"end":{"line":163,"column":43}},"148":{"start":{"line":164,"column":12},"end":{"line":164,"column":22}},"149":{"start":{"line":165,"column":12},"end":{"line":176,"column":13}},"150":{"start":{"line":166,"column":16},"end":{"line":166,"column":78}},"151":{"start":{"line":167,"column":16},"end":{"line":172,"column":18}},"152":{"start":{"line":175,"column":16},"end":{"line":175,"column":62}},"153":{"start":{"line":177,"column":12},"end":{"line":177,"column":30}},"154":{"start":{"line":178,"column":12},"end":{"line":178,"column":62}},"155":{"start":{"line":182,"column":4},"end":{"line":192,"column":10}},"156":{"start":{"line":182,"column":55},"end":{"line":192,"column":7}},"157":{"start":{"line":184,"column":8},"end":{"line":191,"column":11}},"158":{"start":{"line":185,"column":12},"end":{"line":190,"column":13}},"159":{"start":{"line":186,"column":24},"end":{"line":186,"column":68}},"160":{"start":{"line":188,"column":20},"end":{"line":188,"column":38}},"161":{"start":{"line":189,"column":20},"end":{"line":189,"column":71}},"162":{"start":{"line":194,"column":4},"end":{"line":216,"column":10}},"163":{"start":{"line":194,"column":54},"end":{"line":216,"column":7}},"164":{"start":{"line":196,"column":8},"end":{"line":215,"column":11}},"165":{"start":{"line":197,"column":12},"end":{"line":214,"column":13}},"166":{"start":{"line":199,"column":20},"end":{"line":199,"column":39}},"167":{"start":{"line":200,"column":20},"end":{"line":200,"column":33}},"168":{"start":{"line":202,"column":20},"end":{"line":202,"column":46}},"169":{"start":{"line":203,"column":20},"end":{"line":203,"column":94}},"170":{"start":{"line":205,"column":20},"end":{"line":205,"column":37}},"171":{"start":{"line":206,"column":20},"end":{"line":206,"column":44}},"172":{"start":{"line":208,"column":20},"end":{"line":208,"column":40}},"173":{"start":{"line":209,"column":20},"end":{"line":209,"column":82}},"174":{"start":{"line":212,"column":20},"end":{"line":212,"column":46}},"175":{"start":{"line":213,"column":20},"end":{"line":213,"column":66}},"176":{"start":{"line":217,"column":4},"end":{"line":217,"column":26}},"177":{"start":{"line":219,"column":0},"end":{"line":219,"column":40}}},"fnMap":{"0":{"name":"(anonymous_0)","decl":{"start":{"line":2,"column":44},"end":{"line":2,"column":45}},"loc":{"start":{"line":2,"column":89},"end":{"line":10,"column":1}},"line":2},"1":{"name":"adopt","decl":{"start":{"line":3,"column":13},"end":{"line":3,"column":18}},"loc":{"start":{"line":3,"column":26},"end":{"line":3,"column":112}},"line":3},"2":{"name":"(anonymous_2)","decl":{"start":{"line":3,"column":70},"end":{"line":3,"column":71}},"loc":{"start":{"line":3,"column":89},"end":{"line":3,"column":108}},"line":3},"3":{"name":"(anonymous_3)","decl":{"start":{"line":4,"column":36},"end":{"line":4,"column":37}},"loc":{"start":{"line":4,"column":63},"end":{"line":9,"column":5}},"line":4},"4":{"name":"fulfilled","decl":{"start":{"line":5,"column":17},"end":{"line":5,"column":26}},"loc":{"start":{"line":5,"column":34},"end":{"line":5,"column":99}},"line":5},"5":{"name":"rejected","decl":{"start":{"line":6,"column":17},"end":{"line":6,"column":25}},"loc":{"start":{"line":6,"column":33},"end":{"line":6,"column":102}},"line":6},"6":{"name":"step","decl":{"start":{"line":7,"column":17},"end":{"line":7,"column":21}},"loc":{"start":{"line":7,"column":30},"end":{"line":7,"column":118}},"line":7},"7":{"name":"(anonymous_7)","decl":{"start":{"line":11,"column":48},"end":{"line":11,"column":49}},"loc":{"start":{"line":11,"column":73},"end":{"line":37,"column":1}},"line":11},"8":{"name":"(anonymous_8)","decl":{"start":{"line":12,"column":30},"end":{"line":12,"column":31}},"loc":{"start":{"line":12,"column":41},"end":{"line":12,"column":83}},"line":12},"9":{"name":"(anonymous_9)","decl":{"start":{"line":13,"column":125},"end":{"line":13,"column":126}},"loc":{"start":{"line":13,"column":136},"end":{"line":13,"column":152}},"line":13},"10":{"name":"verb","decl":{"start":{"line":14,"column":13},"end":{"line":14,"column":17}},"loc":{"start":{"line":14,"column":21},"end":{"line":14,"column":70}},"line":14},"11":{"name":"(anonymous_11)","decl":{"start":{"line":14,"column":30},"end":{"line":14,"column":31}},"loc":{"start":{"line":14,"column":43},"end":{"line":14,"column":67}},"line":14},"12":{"name":"step","decl":{"start":{"line":15,"column":13},"end":{"line":15,"column":17}},"loc":{"start":{"line":15,"column":22},"end":{"line":36,"column":5}},"line":15},"13":{"name":"(anonymous_13)","decl":{"start":{"line":46,"column":36},"end":{"line":46,"column":37}},"loc":{"start":{"line":46,"column":48},"end":{"line":218,"column":1}},"line":46},"14":{"name":"UserController","decl":{"start":{"line":47,"column":13},"end":{"line":47,"column":27}},"loc":{"start":{"line":47,"column":30},"end":{"line":48,"column":5}},"line":47},"15":{"name":"(anonymous_15)","decl":{"start":{"line":51,"column":29},"end":{"line":51,"column":30}},"loc":{"start":{"line":51,"column":49},"end":{"line":86,"column":9}},"line":51},"16":{"name":"(anonymous_16)","decl":{"start":{"line":51,"column":92},"end":{"line":51,"column":93}},"loc":{"start":{"line":51,"column":104},"end":{"line":86,"column":5}},"line":51},"17":{"name":"(anonymous_17)","decl":{"start":{"line":53,"column":31},"end":{"line":53,"column":32}},"loc":{"start":{"line":53,"column":45},"end":{"line":85,"column":9}},"line":53},"18":{"name":"(anonymous_18)","decl":{"start":{"line":87,"column":36},"end":{"line":87,"column":37}},"loc":{"start":{"line":87,"column":56},"end":{"line":106,"column":9}},"line":87},"19":{"name":"(anonymous_19)","decl":{"start":{"line":87,"column":99},"end":{"line":87,"column":100}},"loc":{"start":{"line":87,"column":111},"end":{"line":106,"column":5}},"line":87},"20":{"name":"(anonymous_20)","decl":{"start":{"line":89,"column":31},"end":{"line":89,"column":32}},"loc":{"start":{"line":89,"column":45},"end":{"line":105,"column":9}},"line":89},"21":{"name":"(anonymous_21)","decl":{"start":{"line":107,"column":30},"end":{"line":107,"column":31}},"loc":{"start":{"line":107,"column":50},"end":{"line":158,"column":9}},"line":107},"22":{"name":"(anonymous_22)","decl":{"start":{"line":107,"column":93},"end":{"line":107,"column":94}},"loc":{"start":{"line":107,"column":105},"end":{"line":158,"column":5}},"line":107},"23":{"name":"(anonymous_23)","decl":{"start":{"line":109,"column":31},"end":{"line":109,"column":32}},"loc":{"start":{"line":109,"column":45},"end":{"line":157,"column":9}},"line":109},"24":{"name":"(anonymous_24)","decl":{"start":{"line":160,"column":42},"end":{"line":160,"column":43}},"loc":{"start":{"line":160,"column":62},"end":{"line":180,"column":9}},"line":160},"25":{"name":"(anonymous_25)","decl":{"start":{"line":160,"column":105},"end":{"line":160,"column":106}},"loc":{"start":{"line":160,"column":117},"end":{"line":180,"column":5}},"line":160},"26":{"name":"(anonymous_26)","decl":{"start":{"line":162,"column":31},"end":{"line":162,"column":32}},"loc":{"start":{"line":162,"column":45},"end":{"line":179,"column":9}},"line":162},"27":{"name":"(anonymous_27)","decl":{"start":{"line":182,"column":33},"end":{"line":182,"column":34}},"loc":{"start":{"line":182,"column":53},"end":{"line":192,"column":9}},"line":182},"28":{"name":"(anonymous_28)","decl":{"start":{"line":182,"column":96},"end":{"line":182,"column":97}},"loc":{"start":{"line":182,"column":108},"end":{"line":192,"column":5}},"line":182},"29":{"name":"(anonymous_29)","decl":{"start":{"line":184,"column":31},"end":{"line":184,"column":32}},"loc":{"start":{"line":184,"column":45},"end":{"line":191,"column":9}},"line":184},"30":{"name":"(anonymous_30)","decl":{"start":{"line":194,"column":32},"end":{"line":194,"column":33}},"loc":{"start":{"line":194,"column":52},"end":{"line":216,"column":9}},"line":194},"31":{"name":"(anonymous_31)","decl":{"start":{"line":194,"column":95},"end":{"line":194,"column":96}},"loc":{"start":{"line":194,"column":107},"end":{"line":216,"column":5}},"line":194},"32":{"name":"(anonymous_32)","decl":{"start":{"line":196,"column":31},"end":{"line":196,"column":32}},"loc":{"start":{"line":196,"column":45},"end":{"line":215,"column":9}},"line":196}},"branchMap":{"0":{"loc":{"start":{"line":2,"column":16},"end":{"line":10,"column":1}},"type":"binary-expr","locations":[{"start":{"line":2,"column":17},"end":{"line":2,"column":21}},{"start":{"line":2,"column":25},"end":{"line":2,"column":39}},{"start":{"line":2,"column":44},"end":{"line":10,"column":1}}],"line":2},"1":{"loc":{"start":{"line":3,"column":35},"end":{"line":3,"column":109}},"type":"cond-expr","locations":[{"start":{"line":3,"column":56},"end":{"line":3,"column":61}},{"start":{"line":3,"column":64},"end":{"line":3,"column":109}}],"line":3},"2":{"loc":{"start":{"line":4,"column":16},"end":{"line":4,"column":34}},"type":"binary-expr","locations":[{"start":{"line":4,"column":16},"end":{"line":4,"column":17}},{"start":{"line":4,"column":22},"end":{"line":4,"column":33}}],"line":4},"3":{"loc":{"start":{"line":7,"column":32},"end":{"line":7,"column":115}},"type":"cond-expr","locations":[{"start":{"line":7,"column":46},"end":{"line":7,"column":67}},{"start":{"line":7,"column":70},"end":{"line":7,"column":115}}],"line":7},"4":{"loc":{"start":{"line":8,"column":51},"end":{"line":8,"column":67}},"type":"binary-expr","locations":[{"start":{"line":8,"column":51},"end":{"line":8,"column":61}},{"start":{"line":8,"column":65},"end":{"line":8,"column":67}}],"line":8},"5":{"loc":{"start":{"line":11,"column":18},"end":{"line":37,"column":1}},"type":"binary-expr","locations":[{"start":{"line":11,"column":19},"end":{"line":11,"column":23}},{"start":{"line":11,"column":27},"end":{"line":11,"column":43}},{"start":{"line":11,"column":48},"end":{"line":37,"column":1}}],"line":11},"6":{"loc":{"start":{"line":12,"column":43},"end":{"line":12,"column":68}},"type":"if","locations":[{"start":{"line":12,"column":43},"end":{"line":12,"column":68}},{"start":{},"end":{}}],"line":12},"7":{"loc":{"start":{"line":13,"column":71},"end":{"line":13,"column":153}},"type":"binary-expr","locations":[{"start":{"line":13,"column":71},"end":{"line":13,"column":99}},{"start":{"line":13,"column":104},"end":{"line":13,"column":152}}],"line":13},"8":{"loc":{"start":{"line":16,"column":8},"end":{"line":16,"column":70}},"type":"if","locations":[{"start":{"line":16,"column":8},"end":{"line":16,"column":70}},{"start":{},"end":{}}],"line":16},"9":{"loc":{"start":{"line":18,"column":12},"end":{"line":18,"column":169}},"type":"if","locations":[{"start":{"line":18,"column":12},"end":{"line":18,"column":169}},{"start":{},"end":{}}],"line":18},"10":{"loc":{"start":{"line":18,"column":23},"end":{"line":18,"column":158}},"type":"binary-expr","locations":[{"start":{"line":18,"column":23},"end":{"line":18,"column":24}},{"start":{"line":18,"column":29},"end":{"line":18,"column":125}},{"start":{"line":18,"column":130},"end":{"line":18,"column":158}}],"line":18},"11":{"loc":{"start":{"line":18,"column":33},"end":{"line":18,"column":125}},"type":"cond-expr","locations":[{"start":{"line":18,"column":45},"end":{"line":18,"column":56}},{"start":{"line":18,"column":59},"end":{"line":18,"column":125}}],"line":18},"12":{"loc":{"start":{"line":18,"column":59},"end":{"line":18,"column":125}},"type":"cond-expr","locations":[{"start":{"line":18,"column":67},"end":{"line":18,"column":116}},{"start":{"line":18,"column":119},"end":{"line":18,"column":125}}],"line":18},"13":{"loc":{"start":{"line":18,"column":67},"end":{"line":18,"column":116}},"type":"binary-expr","locations":[{"start":{"line":18,"column":67},"end":{"line":18,"column":77}},{"start":{"line":18,"column":82},"end":{"line":18,"column":115}}],"line":18},"14":{"loc":{"start":{"line":18,"column":82},"end":{"line":18,"column":112}},"type":"binary-expr","locations":[{"
[...]
line":26,"column":110},"end":{"line":26,"column":116}},"43":{"start":{"line":26,"column":117},"end":{"line":26,"column":126}},"44":{"start":{"line":27,"column":20},"end":{"line":27,"column":106}},"45":{"start":{"line":27,"column":81},"end":{"line":27,"column":97}},"46":{"start":{"line":27,"column":98},"end":{"line":27,"column":104}},"47":{"start":{"line":28,"column":20},"end":{"line":28,"column":89}},"48":{"start":{"line":28,"column":57},"end":{"line":28,"column":72}},"49":{"start":{"line":28,"column":73},"end":{"line":28,"column":80}},"50":{"start":{"line":28,"column":81},"end":{"line":28,"column":87}},"51":{"start":{"line":29,"column":20},"end":{"line":29,"column":87}},"52":{"start":{"line":29,"column":47},"end":{"line":29,"column":62}},"53":{"start":{"line":29,"column":63},"end":{"line":29,"column":78}},"54":{"start":{"line":29,"column":79},"end":{"line":29,"column":85}},"55":{"start":{"line":30,"column":20},"end":{"line":30,"column":42}},"56":{"start":{"line":30,"column":30},"end":{"line":30,"column":42}},"57":{"start":{"line":31,"column":20},"end":{"line":31,"column":33}},"58":{"start":{"line":31,"column":34},"end":{"line":31,"column":43}},"59":{"start":{"line":33,"column":12},"end":{"line":33,"column":39}},"60":{"start":{"line":34,"column":22},"end":{"line":34,"column":34}},"61":{"start":{"line":34,"column":35},"end":{"line":34,"column":41}},"62":{"start":{"line":34,"column":54},"end":{"line":34,"column":64}},"63":{"start":{"line":35,"column":8},"end":{"line":35,"column":35}},"64":{"start":{"line":35,"column":23},"end":{"line":35,"column":35}},"65":{"start":{"line":35,"column":36},"end":{"line":35,"column":89}},"66":{"start":{"line":38,"column":0},"end":{"line":38,"column":62}},"67":{"start":{"line":39,"column":0},"end":{"line":39,"column":44}},"68":{"start":{"line":40,"column":13},"end":{"line":40,"column":40}},"69":{"start":{"line":41,"column":20},"end":{"line":41,"column":45}},"70":{"start":{"line":42,"column":48},"end":{"line":72,"column":3}},"71":{"start":{"line":45,"column":4},"end":{"line":63,"column":6}},"72":{"start":{"line":46,"column":8},"end":{"line":62,"column":11}},"73":{"start":{"line":48,"column":12},"end":{"line":61,"column":15}},"74":{"start":{"line":49,"column":16},"end":{"line":60,"column":17}},"75":{"start":{"line":51,"column":24},"end":{"line":51,"column":86}},"76":{"start":{"line":52,"column":24},"end":{"line":52,"column":88}},"77":{"start":{"line":53,"column":24},"end":{"line":56,"column":44}},"78":{"start":{"line":58,"column":24},"end":{"line":58,"column":34}},"79":{"start":{"line":59,"column":24},"end":{"line":59,"column":46}},"80":{"start":{"line":64,"column":4},"end":{"line":70,"column":6}},"81":{"start":{"line":65,"column":8},"end":{"line":69,"column":11}},"82":{"start":{"line":66,"column":12},"end":{"line":68,"column":15}},"83":{"start":{"line":67,"column":16},"end":{"line":67,"column":38}},"84":{"start":{"line":71,"column":4},"end":{"line":71,"column":38}},"85":{"start":{"line":73,"column":0},"end":{"line":73,"column":64}}},"fnMap":{"0":{"name":"(anonymous_0)","decl":{"start":{"line":2,"column":44},"end":{"line":2,"column":45}},"loc":{"start":{"line":2,"column":89},"end":{"line":10,"column":1}},"line":2},"1":{"name":"adopt","decl":{"start":{"line":3,"column":13},"end":{"line":3,"column":18}},"loc":{"start":{"line":3,"column":26},"end":{"line":3,"column":112}},"line":3},"2":{"name":"(anonymous_2)","decl":{"start":{"line":3,"column":70},"end":{"line":3,"column":71}},"loc":{"start":{"line":3,"column":89},"end":{"line":3,"column":108}},"line":3},"3":{"name":"(anonymous_3)","decl":{"start":{"line":4,"column":36},"end":{"line":4,"column":37}},"loc":{"start":{"line":4,"column":63},"end":{"line":9,"column":5}},"line":4},"4":{"name":"fulfilled","decl":{"start":{"line":5,"column":17},"end":{"line":5,"column":26}},"loc":{"start":{"line":5,"column":34},"end":{"line":5,"column":99}},"line":5},"5":{"name":"rejected","decl":{"start":{"line":6,"column":17},"end":{"line":6,"column":25}},"loc":{"start":{"line":6,"column":33},"end":{"line":6,"column":102}},"line":6},"6":{"name":"step","decl":{"start":{"line":7,"column":17},"end":{"line":7,"column":21}},"loc":{"start":{"line":7,"column":30},"end":{"line":7,"column":118}},"line":7},"7":{"name":"(anonymous_7)","decl":{"start":{"line":11,"column":48},"end":{"line":11,"column":49}},"loc":{"start":{"line":11,"column":73},"end":{"line":37,"column":1}},"line":11},"8":{"name":"(anonymous_8)","decl":{"start":{"line":12,"column":30},"end":{"line":12,"column":31}},"loc":{"start":{"line":12,"column":41},"end":{"line":12,"column":83}},"line":12},"9":{"name":"(anonymous_9)","decl":{"start":{"line":13,"column":125},"end":{"line":13,"column":126}},"loc":{"start":{"line":13,"column":136},"end":{"line":13,"column":152}},"line":13},"10":{"name":"verb","decl":{"start":{"line":14,"column":13},"end":{"line":14,"column":17}},"loc":{"start":{"line":14,"column":21},"end":{"line":14,"column":70}},"line":14},"11":{"name":"(anonymous_11)","decl":{"start":{"line":14,"column":30},"end":{"line":14,"column":31}},"loc":{"start":{"line":14,"column":43},"end":{"line":14,"column":67}},"line":14},"12":{"name":"step","decl":{"start":{"line":15,"column":13},"end":{"line":15,"column":17}},"loc":{"start":{"line":15,"column":22},"end":{"line":36,"column":5}},"line":15},"13":{"name":"(anonymous_13)","decl":{"start":{"line":42,"column":48},"end":{"line":42,"column":49}},"loc":{"start":{"line":42,"column":60},"end":{"line":72,"column":1}},"line":42},"14":{"name":"CreateAdmints1662563015067","decl":{"start":{"line":43,"column":13},"end":{"line":43,"column":39}},"loc":{"start":{"line":43,"column":42},"end":{"line":44,"column":5}},"line":43},"15":{"name":"(anonymous_15)","decl":{"start":{"line":45,"column":46},"end":{"line":45,"column":47}},"loc":{"start":{"line":45,"column":69},"end":{"line":63,"column":5}},"line":45},"16":{"name":"(anonymous_16)","decl":{"start":{"line":46,"column":47},"end":{"line":46,"column":48}},"loc":{"start":{"line":46,"column":59},"end":{"line":62,"column":9}},"line":46},"17":{"name":"(anonymous_17)","decl":{"start":{"line":48,"column":37},"end":{"line":48,"column":38}},"loc":{"start":{"line":48,"column":51},"end":{"line":61,"column":13}},"line":48},"18":{"name":"(anonymous_18)","decl":{"start":{"line":64,"column":48},"end":{"line":64,"column":49}},"loc":{"start":{"line":64,"column":71},"end":{"line":70,"column":5}},"line":64},"19":{"name":"(anonymous_19)","decl":{"start":{"line":65,"column":47},"end":{"line":65,"column":48}},"loc":{"start":{"line":65,"column":59},"end":{"line":69,"column":9}},"line":65},"20":{"name":"(anonymous_20)","decl":{"start":{"line":66,"column":37},"end":{"line":66,"column":38}},"loc":{"start":{"line":66,"column":51},"end":{"line":68,"column":13}},"line":66}},"branchMap":{"0":{"loc":{"start":{"line":2,"column":16},"end":{"line":10,"column":1}},"type":"binary-expr","locations":[{"start":{"line":2,"column":17},"end":{"line":2,"column":21}},{"start":{"line":2,"column":25},"end":{"line":2,"column":39}},{"start":{"line":2,"column":44},"end":{"line":10,"column":1}}],"line":2},"1":{"loc":{"start":{"line":3,"column":35},"end":{"line":3,"column":109}},"type":"cond-expr","locations":[{"start":{"line":3,"column":56},"end":{"line":3,"column":61}},{"start":{"line":3,"column":64},"end":{"line":3,"column":109}}],"line":3},"2":{"loc":{"start":{"line":4,"column":16},"end":{"line":4,"column":34}},"type":"binary-expr","locations":[{"start":{"line":4,"column":16},"end":{"line":4,"column":17}},{"start":{"line":4,"column":22},"end":{"line":4,"column":33}}],"line":4},"3":{"loc":{"start":{"line":7,"column":32},"end":{"line":7,"column":115}},"type":"cond-expr","locations":[{"start":{"line":7,"column":46},"end":{"line":7,"column":67}},{"start":{"line":7,"column":70},"end":{"line":7,"column":115}}],"line":7},"4":{"loc":{"start":{"line":8,"column":51},"end":{"line":8,"column":67}},"type":"binary-expr","locations":[{"start":{"line":8,"column":51},"end":{"line":8,"column":61}},{"start":{"line":8,"column":65},"end":{"line":8,"column":67}}],"line":8},"5":{"loc":{"start":{"line":11,"column":18},"end":{"line":37,"column":1}},"type":"binary-expr","locations":[{"start":{"line":11,"column":19},"end":{"line":11,"column":23}},{"start":{"line":11,"column":27},"end":{"line":11,"column":43}},{"start":{"line":11,"column":48},"end":{"line":37,"column":1}}],"line":11},"6":{"loc":{"start":{"line":12,"column":43},"end":{"line":12,"column":68}},"type":"if","locations":[{"start":{"line":12,"column":43},"end":{"line":12,"column":68}},{"start":{},"end":{}}],"line":12},"7":{"loc":{"start":{"line":13,"column":71},"end":{"line":13,"column":153}},"type":"binary-expr","locations":[{"start":{"line":13,"column":71},"end":{"line":13,"column":99}},{"start":{"line":13,"column":104},"end":{"line":13,"column":152}}],"line":13},"8":{"loc":{"start":{"line":16,"column":8},"end":{"line":16,"column":70}},"type":"if","locations":[{"start":{"line":16,"column":8},"end":{"line":16,"column":70}},{"start":{},"end":{}}],"line":16},"9":{"loc":{"start":{"line":18,"column":12},"end":{"line":18,"column":169}},"type":"if","locations":[{"start":{"line":18,"column":12},"end":{"line":18,"column":169}},{"start":{},"end":{}}],"line":18},"10":{"loc":{"start":{"line":18,"column":23},"end":{"line":18,"column":158}},"type":"binary-expr","locations":[{"start":{"line":18,"column":23},"end":{"line":18,"column":24}},{"start":{"line":18,"column":29},"end":{"line":18,"column":125}},{"start":{"line":18,"column":130},"end":{"line":18,"column":158}}],"line":18},"11":{"loc":{"start":{"line":18,"column":33},"end":{"line":18,"column":125}},"type":"cond-expr","locations":[{"start":{"line":18,"column":45},"end":{"line":18,"column":56}},{"start":{"line":18,"column":59},"end":{"line":18,"column":125}}],"line":18},"12":{"loc":{"start":{"line":18,"column":59},"end":{"line":18,"column":125}},"type":"cond-expr","locations":[{"start":{"line":18,"column":67},"end":{"line":18,"column":116}},{"start":{"line":18,"column":119},"end":{"line":18,"column":125}}],"line":18},"13":{"loc":{"start":{"line":18,"column":67},"end":{"line":18,"column":116}},"type":"binary-expr","locations":[{"start":{"line":18,"column":67},"end":{"line":18,"column":77}},{"start":{"line":18,"column":82},"end":{"line":18,"column":115}}],"line":18},"14":{"loc":{"start":{"line":18,"column":82},"end":{"line":18,"column":112}},"type":"binary-expr","locations":[{"start":{"line":18,"column":83},"end":{"line":18,"column":98}},{"start":{"line":18,"column":103},"end":{"line":18,"column":112}}],"line":18},"15":{"loc":{"start":{"line":19,"column":12},"end":{"line":19,"column":52}},"type":"if","locations":[{"start":{"line":19,"column":12},"end":{"line":19,"column":52}},{"start":{},"end":{}}],"line":19},"16":{"loc":{"start":{"line":20,"column":12},"end":{"line":32,"column":13}},"type":"switch","locations":[{"start":{"line":21,"column":16},"end":{"line":21,"column":23}},{"start":{"line":21,"column":24},"end":{"line":21,"column":46}},{"start":{"line":22,"column":16},"end":{"line":22,"column":72}},{"start":{"line":23,"column":16},"end":{"line":23,"column":65}},{"start":{"line":24,"column":16},"end":{"line":24,"column":65}},{"start":{"line":25,"column":16},"end":{"line":31,"column":43}}],"line":20},"17":{"loc":{"start":{"line":26,"column":20},"end":{"line":26,"column":128}},"type":"if","locations":[{"start":{"line":26,"column":20},"end":{"line":26,"column":128}},{"start":{},"end":{}}],"line":26},"18":{"loc":{"start":{"line":26,"column":24},"end":{"line":26,"column":106}},"type":"binary-expr","locations":[{"start":{"line":26,"column":24},"end":{"line":26,"column":74}},{"start":{"line":26,"column":79},"end":{"line":26,"column":90}},{"start":{"line":26,"column":94},"end":{"line":26,"column":105}}],"line":26},"19":{"loc":{"start":{"line":26,"column":42},"end":{"line":26,"column":73}},"type":"binary-expr","locations":[{"start":{"line":26,"column":42},"end":{"line":26,"column":54}},{"start":{"line":26,"column":58},"end":{"line":26,"column":73}}],"line":26},"20":{"loc":{"start":{"line":27,"column":20},"end":{"line":27,"column":106}},"type":"if","locations":[{"start":{"line":27,"column":20},"end":{"line":27,"column":106}},{"start":{},"end":{}}],"line":27},"21":{"loc":{"start":{"line":27,"column":24},"end":{"line":27,"column":77}},"type":"binary-expr","locations":[{"start":{"line":27,"column":24},"end":{"line":27,"column":35}},{"start":{"line":27,"column":40},"end":{"line":27,"column":42}},{"start":{"line":27,"column":47},"end":{"line":27,"column":59}},{"start":{"line":27,"column":63},"end":{"line":27,"column":75}}],"line":27},"22":{"loc":{"start":{"line":28,"column":20},"end":{"line":28,"column":89}},"type":"if","locations":[{"start":{"line":28,"column":20},"end":{"line":28,"column":89}},{"start":{},"end":{}}],"line":28},"23":{"loc":{"start":{"line":28,"column":24},"end":{"line":28,"column":53}},"type":"binary-expr","locations":[{"start":{"line":28,"column":24},"end":{"line":28,"column":35}},{"start":{"line":28,"column":39},"end":{"line":28,"column":53}}],"line":28},"24":{"loc":{"start":{"line":29,"column":20},"end":{"line":29,"column":87}},"type":"if","locations":[{"start":{"line":29,"column":20},"end":{"line":29,"column":87}},{"start":{},"end":{}}],"line":29},"25":{"loc":{"start":{"line":29,"column":24},"end":{"line":29,"column":43}},"type":"binary-expr","locations":[{"start":{"line":29,"column":24},"end":{"line":29,"column":25}},{"start":{"line":29,"column":29},"end":{"line":29,"column":43}}],"line":29},"26":{"loc":{"start":{"line":30,"column":20},"end":{"line":30,"column":42}},"type":"if","locations":[{"start":{"line":30,"column":20},"end":{"line":30,"column":42}},{"start":{},"end":{}}],"line":30},"27":{"loc":{"start":{"line":35,"column":8},"end":{"line":35,"column":35}},"type":"if","locations":[{"start":{"line":35,"column":8},"end":{"line":35,"column":35}},{"start":{},"end":{}}],"line":35},"28":{"loc":{"start":{"line":35,"column":52},"end":{"line":35,"column":74}},"type":"cond-expr","locations":[{"start":{"line":35,"column":60},"end":{"line":35,"column":65}},{"start":{"line":35,"column":68},"end":{"line":35,"column":74}}],"line":35},"29":{"loc":{"start":{"line":49,"column":16},"end":{"line":60,"column":17}},"type":"switch","locations":[{"start":{"line":50,"column":20},"end":{"line":56,"column":44}},{"start":{"line":57,"column":20},"end":{"line":59,"column":46}}],"line":49}},"s":{"0":1,"1":0,"2":0,"3":0,"4":0,"5":0,"6":0,"7":0,"8":0,"9":0,"10":0,"11":0,"12":1,"13":0,"14":0,"15":0,"16":0,"17":0,"18":0,"19":0,"20":0,"21":0,"22":0,"23":0,"24":0,"25":0,"26":0,"27":0,"28":0,"29":0,"30":0,"31":0,"32":0,"33":0,"34":0,"35":0,"36":0,"37":0,"38":0,"39":0,"40":0,"41":0,"42":0,"43":0,"44":0,"45":0,"46":0,"47":0,"48":0,"49":0,"50":0,"51":0,"52":0,"53":0,"54":0,"55":0,"56":0,"57":0,"58":0,"59":0,"60":0,"61":0,"62":0,"63":0,"64":0,"65":0,"66":1,"67":1,"68":1,"69":1,"70":1,"71":1,"72":0,"73":0,"74":0,"75":0,"76":0,"77":0,"78":0,"79":0,"80":1,"81":0,"82":0,"83":0,"84":1,"85":1},"f":{"0":0,"1":0,"2":0,"3":0,"4":0,"5":0,"6":0,"7":0,"8":0,"9":0,"10":0,"11":0,"12":0,"13":1,"14":1,"15":0,"16":0,"17":0,"18":0,"19":0,"20":0},"b":{"0":[1,1,1],"1":[0,0],"2":[0,0],"3":[0,0],"4":[0,0],"5":[1,1,1],"6":[0,0],"7":[0,0],"8":[0,0],"9":[0,0],"10":[0,0,0],"11":[0,0],"12":[0,0],"13":[0,0],"14":[0,0],"15":[0,0],"16":[0,0,0,0,0,0],"17":[0,0],"18":[0,0,0],"19":[0,0],"20":[0,0],"21":[0,0,0,0],"22":[0,0],"23":[0,0],"24":[0,0],"25":[0,0],"26":[0,0],"27":[0,0],"28":[0,0],"29":[0,0]},"inputSourceMap":null,"_coverageSchema":"1a1c01bbd47fc00a2c39e90264f33305004495a9","hash":"769ca50cd96e614926642af0d30ae7e51d6eca56"}
,"C:\\Users\\fabri\\Documents\\GitHubProjects\\HandsOn4ParrotAPI\\build\\routes\\auth.js": {"path":"C:\\Users\\fabri\\Documents\\GitHubProjects\\HandsOn4ParrotAPI\\build\\routes\\auth.js","statementMap":{"0":{"start":{"line":2,"column":0},"end":{"line":2,"column":62}},"1":{"start":{"line":3,"column":16},"end":{"line":3,"column":34}},"2":{"start":{"line":4,"column":23},"end":{"line":4,"column":62}},"3":{"start":{"line":5,"column":17},"end":{"line":5,"column":51}},"4":{"start":{"line":6,"column":13},"end":{"line":6,"column":36}},"5":{"start":{"line":7,"column":0},"end":{"line":7,"column":54}},"6":{"start":{"line":8,"column":0},"end":{"line":8,"column":95}},"7":{"start":{"line":9,"column":0},"end":{"line":9,"column":25}}},"fnMap":{},"branchMap":{},"s":{"0":1,"1":1,"2":1,"3":1,"4":1,"5":1,"6":1,"7":1},"f":{},"b":{},"inputSourceMap":null,"_coverageSchema":"1a1c01bbd47fc00a2c39e90264f33305004495a9","hash":"a7a44087db23dbcbabb97be8d1cb8329392c752c"}
,"C:\\Users\\fabri\\Documents\\GitHubProjects\\HandsOn4ParrotAPI\\build\\routes\\index.js": {"path":"C:\\Users\\fabri\\Documents\\GitHubProjects\\HandsOn4ParrotAPI\\build\\routes\\index.js","statementMap":{"0":{"start":{"line":2,"column":0},"end":{"line":2,"column":62}},"1":{"start":{"line":3,"column":16},"end":{"line":3,"column":34}},"2":{"start":{"line":4,"column":13},"end":{"line":4,"column":30}},"3":{"start":{"line":5,"column":13},"end":{"line":5,"column":30}},"4":{"start":{"line":6,"column":13},"end":{"line":6,"column":30}},"5":{"start":{"line":7,"column":13},"end":{"line":7,"column":36}},"6":{"start":{"line":8,"column":0},"end":{"line":8,"column":36}},"7":{"start":{"line":9,"column":0},"end":{"line":9,"column":36}},"8":{"start":{"line":10,"column":0},"end":{"line":10,"column":36}},"9":{"start":{"line":11,"column":0},"end":{"line":11,"column":25}}},"fnMap":{},"branchMap":{},"s":{"0":1,"1":1,"2":1,"3":1,"4":1,"5":1,"6":1,"7":1,"8":1,"9":1},"f":{},"b":{},"inputSourceMap":null,"_coverageSchema":"1a1c01bbd47fc00a2c39e90264f33305004495a9","hash":"844d6a9ebef2fca0a6d15415dd2f045f2d5db363"}
,"C:\\Users\\fabri\\Documents\\GitHubProjects\\HandsOn4ParrotAPI\\build\\routes\\post.js": {"path":"C:\\Users\\fabri\\Documents\\GitHubProjects\\HandsOn4ParrotAPI\\build\\routes\\post.js","statementMap":{"0":{"start":{"line":2,"column":0},"end":{"line":2,"column":62}},"1":{"start":{"line":3,"column":16},"end":{"line":3,"column":34}},"2":{"start":{"line":4,"column":23},"end":{"line":4,"column":62}},"3":{"start":{"line":5,"column":13},"end":{"line":5,"column":36}},"4":{"start":{"line":6,"column":0},"end":{"line":6,"column":61}},"5":{"start":{"line":7,"column":0},"end":{"line":7,"column":78}},"6":{"start":{"line":8,"column":0},"end":{"line":8,"column":61}},"7":{"start":{"line":9,"column":0},"end":{"line":9,"column":69}},"8":{"start":{"line":10,"column":0},"end":{"line":10,"column":74}},"9":{"start":{"line":11,"column":0},"end":{"line":11,"column":25}}},"fnMap":{},"branchMap":{},"s":{"0":1,"1":1,"2":1,"3":1,"4":1,"5":1,"6":1,"7":1,"8":1,"9":1},"f":{},"b":{},"inputSourceMap":null,"_coverageSchema":"1a1c01bbd47fc00a2c39e90264f33305004495a9","hash":"60498ffb3f4270fee7541ba326d5eaf78c2a9a97"}
,"C:\\Users\\fabri\\Documents\\GitHubProjects\\HandsOn4ParrotAPI\\build\\routes\\user.js": {"path":"C:\\Users\\fabri\\Documents\\GitHubProjects\\HandsOn4ParrotAPI\\build\\routes\\user.js","statementMap":{"0":{"start":{"line":2,"column":0},"end":{"line":2,"column":62}},"1":{"start":{"line":3,"column":18},"end":{"line":3,"column":55}},"2":{"start":{"line":4,"column":16},"end":{"line":4,"column":34}},"3":{"start":{"line":5,"column":23},"end":{"line":5,"column":62}},"4":{"start":{"line":6,"column":13},"end":{"line":6,"column":36}},"5":{"start":{"line":7,"column":0},"end":{"line":7,"column":87}},"6":{"start":{"line":8,"column":0},"end":{"line":8,"column":75}},"7":{"start":{"line":9,"column":0},"end":{"line":9,"column":86}},"8":{"start":{"line":10,"column":0},"end":{"line":10,"column":58}},"9":{"start":{"line":11,"column":0},"end":{"line":11,"column":69}},"10":{"start":{"line":12,"column":0},"end":{"line":12,"column":100}},"11":{"start":{"line":13,"column":0},"end":{"line":13,"column":25}}},"fnMap":{},"branchMap":{},"s":{"0":1,"1":1,"2":1,"3":1,"4":1,"5":1,"6":1,"7":1,"8":1,"9":1,"10":1,"11":1},"f":{},"b":{},"inputSourceMap":null,"_coverageSchema":"1a1c01bbd47fc00a2c39e90264f33305004495a9","hash":"1b8071382af02e9b94e4a363c883eaeb73cb4356"}
}
