TN:
SF:build\data-source.js
FNF:0
FNH:0
DA:2,1
DA:3,1
DA:4,1
DA:5,1
DA:6,1
DA:7,1
DA:8,1
DA:9,1
DA:11,1
LF:9
LH:9
BRF:0
BRH:0
end_of_record
TN:
SF:build\index.js
FN:12,(anonymous_0)
FN:21,(anonymous_1)
FN:25,(anonymous_2)
FNF:3
FNH:2
FNDA:1,(anonymous_0)
FNDA:1,(anonymous_1)
FNDA:0,(anonymous_2)
DA:2,1
DA:3,1
DA:4,1
DA:5,1
DA:6,1
DA:7,1
DA:8,1
DA:9,1
DA:11,1
DA:13,1
DA:15,1
DA:16,1
DA:17,1
DA:19,1
DA:20,1
DA:21,1
DA:22,1
DA:25,0
DA:27,1
LF:19
LH:18
BRDA:20,0,0,1
BRDA:20,0,1,1
BRF:2
BRH:2
end_of_record
TN:
SF:build\config\config.js
FNF:0
FNH:0
DA:2,1
DA:3,1
LF:2
LH:2
BRF:0
BRH:0
end_of_record
TN:
SF:build\controller\AuthController.js
FN:2,(anonymous_0)
FN:3,adopt
FN:3,(anonymous_2)
FN:4,(anonymous_3)
FN:5,fulfilled
FN:6,rejected
FN:7,step
FN:11,(anonymous_7)
FN:12,(anonymous_8)
FN:13,(anonymous_9)
FN:14,verb
FN:14,(anonymous_11)
FN:15,step
FN:45,(anonymous_13)
FN:46,AuthController
FN:50,(anonymous_15)
FN:50,(anonymous_16)
FN:52,(anonymous_17)
FN:87,(anonymous_18)
FN:87,(anonymous_19)
FN:89,(anonymous_20)
FNF:21
FNH:1
FNDA:0,(anonymous_0)
FNDA:0,adopt
FNDA:0,(anonymous_2)
FNDA:0,(anonymous_3)
FNDA:0,fulfilled
FNDA:0,rejected
FNDA:0,step
FNDA:0,(anonymous_7)
FNDA:0,(anonymous_8)
FNDA:0,(anonymous_9)
FNDA:0,verb
FNDA:0,(anonymous_11)
FNDA:0,step
FNDA:1,(anonymous_13)
FNDA:0,AuthController
FNDA:0,(anonymous_15)
FNDA:0,(anonymous_16)
FNDA:0,(anonymous_17)
FNDA:0,(anonymous_18)
FNDA:0,(anonymous_19)
FNDA:0,(anonymous_20)
DA:2,1
DA:3,0
DA:4,0
DA:5,0
DA:6,0
DA:7,0
DA:8,0
DA:11,1
DA:12,0
DA:13,0
DA:14,0
DA:16,0
DA:17,0
DA:18,0
DA:19,0
DA:20,0
DA:21,0
DA:22,0
DA:23,0
DA:24,0
DA:26,0
DA:27,0
DA:28,0
DA:29,0
DA:30,0
DA:31,0
DA:33,0
DA:34,0
DA:35,0
DA:38,1
DA:39,1
DA:40,1
DA:41,1
DA:42,1
DA:43,1
DA:44,1
DA:45,1
DA:49,1
DA:50,1
DA:52,0
DA:53,0
DA:55,0
DA:56,0
DA:58,0
DA:59,0
DA:60,0
DA:62,0
DA:64,0
DA:65,0
DA:67,0
DA:68,0
DA:70,0
DA:71,0
DA:73,0
DA:74,0
DA:76,0
DA:83,0
DA:87,1
DA:89,0
DA:90,0
DA:92,0
DA:93,0
DA:94,0
DA:95,0
DA:97,0
DA:99,0
DA:100,0
DA:102,0
DA:103,0
DA:105,0
DA:106,0
DA:108,0
DA:109,0
DA:111,0
DA:113,0
DA:114,0
DA:115,0
DA:117,0
DA:118,0
DA:119,0
DA:120,0
DA:124,1
DA:127,1
LF:83
LH:15
BRDA:2,0,0,1
BRDA:2,0,1,1
BRDA:2,0,2,1
BRDA:3,1,0,0
BRDA:3,1,1,0
BRDA:4,2,0,0
BRDA:4,2,1,0
BRDA:7,3,0,0
BRDA:7,3,1,0
BRDA:8,4,0,0
BRDA:8,4,1,0
BRDA:11,5,0,1
BRDA:11,5,1,1
BRDA:11,5,2,1
BRDA:12,6,0,0
BRDA:12,6,1,0
BRDA:13,7,0,0
BRDA:13,7,1,0
BRDA:16,8,0,0
BRDA:16,8,1,0
BRDA:18,9,0,0
BRDA:18,9,1,0
BRDA:18,10,0,0
BRDA:18,10,1,0
BRDA:18,10,2,0
BRDA:18,11,0,0
BRDA:18,11,1,0
BRDA:18,12,0,0
BRDA:18,12,1,0
BRDA:18,13,0,0
BRDA:18,13,1,0
BRDA:18,14,0,0
BRDA:18,14,1,0
BRDA:19,15,0,0
BRDA:19,15,1,0
BRDA:20,16,0,0
BRDA:20,16,1,0
BRDA:20,16,2,0
BRDA:20,16,3,0
BRDA:20,16,4,0
BRDA:20,16,5,0
BRDA:26,17,0,0
BRDA:26,17,1,0
BRDA:26,18,0,0
BRDA:26,18,1,0
BRDA:26,18,2,0
BRDA:26,19,0,0
BRDA:26,19,1,0
BRDA:27,20,0,0
BRDA:27,20,1,0
BRDA:27,21,0,0
BRDA:27,21,1,0
BRDA:27,21,2,0
BRDA:27,21,3,0
BRDA:28,22,0,0
BRDA:28,22,1,0
BRDA:28,23,0,0
BRDA:28,23,1,0
BRDA:29,24,0,0
BRDA:29,24,1,0
BRDA:29,25,0,0
BRDA:29,25,1,0
BRDA:30,26,0,0
BRDA:30,26,1,0
BRDA:35,27,0,0
BRDA:35,27,1,0
BRDA:35,28,0,0
BRDA:35,28,1,0
BRDA:53,29,0,0
BRDA:53,29,1,0
BRDA:53,29,2,0
BRDA:53,29,3,0
BRDA:53,29,4,0
BRDA:53,29,5,0
BRDA:59,30,0,0
BRDA:59,30,1,0
BRDA:59,31,0,0
BRDA:59,31,1,0
BRDA:73,32,0,0
BRDA:73,32,1,0
BRDA:90,33,0,0
BRDA:90,33,1,0
BRDA:90,33,2,0
BRDA:90,33,3,0
BRDA:90,33,4,0
BRDA:90,33,5,0
BRDA:94,34,0,0
BRDA:94,34,1,0
BRDA:94,35,0,0
BRDA:94,35,1,0
BRDA:108,36,0,0
BRDA:108,36,1,0
BRDA:114,37,0,0
BRDA:114,37,1,0
BRF:94
BRH:6
end_of_record
TN:
SF:build\controller\PostController.js
FN:2,(anonymous_0)
FN:3,adopt
FN:3,(anonymous_2)
FN:4,(anonymous_3)
FN:5,fulfilled
FN:6,rejected
FN:7,step
FN:11,(anonymous_7)
FN:12,(anonymous_8)
FN:13,(anonymous_9)
FN:14,verb
FN:14,(anonymous_11)
FN:15,step
FN:48,(anonymous_13)
FN:49,PostController
FN:53,(anonymous_15)
FN:53,(anonymous_16)
FN:55,(anonymous_17)
FN:71,(anonymous_18)
FN:71,(anonymous_19)
FN:73,(anonymous_20)
FN:108,(anonymous_21)
FN:108,(anonymous_22)
FN:110,(anonymous_23)
FN:140,(anonymous_24)
FN:140,(anonymous_25)
FN:142,(anonymous_26)
FN:186,(anonymous_27)
FN:186,(anonymous_28)
FN:188,(anonymous_29)
FNF:30
FNH:1
FNDA:0,(anonymous_0)
FNDA:0,adopt
FNDA:0,(anonymous_2)
FNDA:0,(anonymous_3)
FNDA:0,fulfilled
FNDA:0,rejected
FNDA:0,step
FNDA:0,(anonymous_7)
FNDA:0,(anonymous_8)
FNDA:0,(anonymous_9)
FNDA:0,verb
FNDA:0,(anonymous_11)
FNDA:0,step
FNDA:1,(anonymous_13)
FNDA:0,PostController
FNDA:0,(anonymous_15)
FNDA:0,(anonymous_16)
FNDA:0,(anonymous_17)
FNDA:0,(anonymous_18)
FNDA:0,(anonymous_19)
FNDA:0,(anonymous_20)
FNDA:0,(anonymous_21)
FNDA:0,(anonymous_22)
FNDA:0,(anonymous_23)
FNDA:0,(anonymous_24)
FNDA:0,(anonymous_25)
FNDA:0,(anonymous_26)
FNDA:0,(anonymous_27)
FNDA:0,(anonymous_28)
FNDA:0,(anonymous_29)
DA:2,1
DA:3,0
DA:4,0
DA:5,0
DA:6,0
DA:7,0
DA:8,0
DA:11,1
DA:12,0
DA:13,0
DA:14,0
DA:16,0
DA:17,0
DA:18,0
DA:19,0
DA:20,0
DA:21,0
DA:22,0
DA:23,0
DA:24,0
DA:26,0
DA:27,0
DA:28,0
DA:29,0
DA:30,0
DA:31,0
DA:33,0
DA:34,0
DA:35,0
DA:38,1
DA:39,1
DA:40,1
DA:41,1
DA:42,1
DA:43,1
DA:44,1
DA:45,1
DA:46,1
DA:47,1
DA:48,1
DA:52,1
DA:53,1
DA:55,0
DA:56,0
DA:57,0
DA:66,0
DA:67,0
DA:71,1
DA:73,0
DA:74,0
DA:76,0
DA:77,0
DA:78,0
DA:79,0
DA:82,0
DA:84,0
DA:85,0
DA:86,0
DA:88,0
DA:90,0
DA:91,0
DA:99,0
DA:100,0
DA:102,0
DA:103,0
DA:104,0
DA:108,1
DA:110,0
DA:111,0
DA:113,0
DA:114,0
DA:115,0
DA:116,0
DA:119,0
DA:121,0
DA:123,0
DA:124,0
DA:125,0
DA:126,0
DA:129,0
DA:133,0
DA:135,0
DA:136,0
DA:140,1
DA:142,0
DA:143,0
DA:145,0
DA:146,0
DA:147,0
DA:149,0
DA:150,0
DA:152,0
DA:153,0
DA:155,0
DA:156,0
DA:159,0
DA:160,0
DA:163,0
DA:165,0
DA:166,0
DA:167,0
DA:170,0
DA:172,0
DA:173,0
DA:175,0
DA:176,0
DA:178,0
DA:179,0
DA:182,0
DA:186,1
DA:188,0
DA:189,0
DA:191,0
DA:192,0
DA:194,0
DA:195,0
DA:197,0
DA:198,0
DA:200,0
DA:201,0
DA:204,0
DA:205,0
DA:209,1
DA:211,1
LF:124
LH:21
BRDA:2,0,0,1
BRDA:2,0,1,1
BRDA:2,0,2,1
BRDA:3,1,0,0
BRDA:3,1,1,0
BRDA:4,2,0,0
BRDA:4,2,1,0
BRDA:7,3,0,0
BRDA:7,3,1,0
BRDA:8,4,0,0
BRDA:8,4,1,0
BRDA:11,5,0,1
BRDA:11,5,1,1
BRDA:11,5,2,1
BRDA:12,6,0,0
BRDA:12,6,1,0
BRDA:13,7,0,0
BRDA:13,7,1,0
BRDA:16,8,0,0
BRDA:16,8,1,0
BRDA:18,9,0,0
BRDA:18,9,1,0
BRDA:18,10,0,0
BRDA:18,10,1,0
BRDA:18,10,2,0
BRDA:18,11,0,0
BRDA:18,11,1,0
BRDA:18,12,0,0
BRDA:18,12,1,0
BRDA:18,13,0,0
BRDA:18,13,1,0
BRDA:18,14,0,0
BRDA:18,14,1,0
BRDA:19,15,0,0
BRDA:19,15,1,0
BRDA:20,16,0,0
BRDA:20,16,1,0
BRDA:20,16,2,0
BRDA:20,16,3,0
BRDA:20,16,4,0
BRDA:20,16,5,0
BRDA:26,17,0,0
BRDA:26,17,1,0
BRDA:26,18,0,0
BRDA:26,18,1,0
BRDA:26,18,2,0
BRDA:26,19,0,0
BRDA:26,19,1,0
BRDA:27,20,0,0
BRDA:27,20,1,0
BRDA:27,21,0,0
BRDA:27,21,1,0
BRDA:27,21,2,0
BRDA:27,21,3,0
BRDA:28,22,0,0
BRDA:28,22,1,0
BRDA:28,23,0,0
BRDA:28,23,1,0
BRDA:29,24,0,0
BRDA:29,24,1,0
BRDA:29,25,0,0
BRDA:29,25,1,0
BRDA:30,26,0,0
BRDA:30,26,1,0
BRDA:35,27,0,0
BRDA:35,27,1,0
BRDA:35,28,0,0
BRDA:35,28,1,0
BRDA:56,29,0,0
BRDA:56,29,1,0
BRDA:74,30,0,0
BRDA:74,30,1,0
BRDA:74,30,2,0
BRDA:74,30,3,0
BRDA:74,30,4,0
BRDA:85,31,0,0
BRDA:85,31,1,0
BRDA:111,32,0,0
BRDA:111,32,1,0
BRDA:111,32,2,0
BRDA:125,33,0,0
BRDA:125,33,1,0
BRDA:143,34,0,0
BRDA:143,34,1,0
BRDA:143,34,2,0
BRDA:143,34,3,0
BRDA:143,34,4,0
BRDA:143,34,5,0
BRDA:143,34,6,0
BRDA:143,34,7,0
BRDA:143,34,8,0
BRDA:143,34,9,0
BRDA:159,35,0,0
BRDA:159,35,1,0
BRDA:166,36,0,0
BRDA:166,36,1,0
BRDA:189,37,0,0
BRDA:189,37,1,0
BRDA:189,37,2,0
BRDA:189,37,3,0
BRDA:189,37,4,0
BRF:101
BRH:6
end_of_record
TN:
SF:build\controller\UserController.js
FN:2,(anonymous_0)
FN:3,adopt
FN:3,(anonymous_2)
FN:4,(anonymous_3)
FN:5,fulfilled
FN:6,rejected
FN:7,step
FN:11,(anonymous_7)
FN:12,(anonymous_8)
FN:13,(anonymous_9)
FN:14,verb
FN:14,(anonymous_11)
FN:15,step
FN:46,(anonymous_13)
FN:47,UserController
FN:51,(anonymous_15)
FN:51,(anonymous_16)
FN:53,(anonymous_17)
FN:87,(anonymous_18)
FN:87,(anonymous_19)
FN:89,(anonymous_20)
FN:107,(anonymous_21)
FN:107,(anonymous_22)
FN:109,(anonymous_23)
FN:160,(anonymous_24)
FN:160,(anonymous_25)
FN:162,(anonymous_26)
FN:182,(anonymous_27)
FN:182,(anonymous_28)
FN:184,(anonymous_29)
FN:194,(anonymous_30)
FN:194,(anonymous_31)
FN:196,(anonymous_32)
FNF:33
FNH:1
FNDA:0,(anonymous_0)
FNDA:0,adopt
FNDA:0,(anonymous_2)
FNDA:0,(anonymous_3)
FNDA:0,fulfilled
FNDA:0,rejected
FNDA:0,step
FNDA:0,(anonymous_7)
FNDA:0,(anonymous_8)
FNDA:0,(anonymous_9)
FNDA:0,verb
FNDA:0,(anonymous_11)
FNDA:0,step
FNDA:1,(anonymous_13)
FNDA:0,UserController
FNDA:0,(anonymous_15)
FNDA:0,(anonymous_16)
FNDA:0,(anonymous_17)
FNDA:0,(anonymous_18)
FNDA:0,(anonymous_19)
FNDA:0,(anonymous_20)
FNDA:0,(anonymous_21)
FNDA:0,(anonymous_22)
FNDA:0,(anonymous_23)
FNDA:0,(anonymous_24)
FNDA:0,(anonymous_25)
FNDA:0,(anonymous_26)
FNDA:0,(anonymous_27)
FNDA:0,(anonymous_28)
FNDA:0,(anonymous_29)
FNDA:0,(anonymous_30)
FNDA:0,(anonymous_31)
FNDA:0,(anonymous_32)
DA:2,1
DA:3,0
DA:4,0
DA:5,0
DA:6,0
DA:7,0
DA:8,0
DA:11,1
DA:12,0
DA:13,0
DA:14,0
DA:16,0
DA:17,0
DA:18,0
DA:19,0
DA:20,0
DA:21,0
DA:22,0
DA:23,0
DA:24,0
DA:26,0
DA:27,0
DA:28,0
DA:29,0
DA:30,0
DA:31,0
DA:33,0
DA:34,0
DA:35,0
DA:38,1
DA:39,1
DA:40,1
DA:41,1
DA:42,1
DA:43,1
DA:44,1
DA:45,1
DA:46,1
DA:50,1
DA:51,1
DA:53,0
DA:54,0
DA:56,0
DA:57,0
DA:58,0
DA:59,0
DA:60,0
DA:61,0
DA:62,0
DA:63,0
DA:64,0
DA:66,0
DA:67,0
DA:68,0
DA:71,0
DA:73,0
DA:74,0
DA:76,0
DA:77,0
DA:79,0
DA:80,0
DA:83,0
DA:87,1
DA:89,0
DA:90,0
DA:92,0
DA:93,0
DA:95,0
DA:96,0
DA:98,0
DA:99,0
DA:101,0
DA:102,0
DA:103,0
DA:107,1
DA:109,0
DA:110,0
DA:112,0
DA:113,0
DA:114,0
DA:116,0
DA:117,0
DA:119,0
DA:120,0
DA:122,0
DA:123,0
DA:126,0
DA:127,0
DA:130,0
DA:131,0
DA:134,0
DA:135,0
DA:138,0
DA:140,0
DA:141,0
DA:142,0
DA:145,0
DA:147,0
DA:148,0
DA:150,0
DA:151,0
DA:153,0
DA:154,0
DA:155,0
DA:160,1
DA:162,0
DA:163,0
DA:164,0
DA:165,0
DA:166,0
DA:167,0
DA:175,0
DA:177,0
DA:178,0
DA:182,1
DA:184,0
DA:185,0
DA:186,0
DA:188,0
DA:189,0
DA:194,1
DA:196,0
DA:197,0
DA:199,0
DA:200,0
DA:202,0
DA:203,0
DA:205,0
DA:206,0
DA:208,0
DA:209,0
DA:212,0
DA:213,0
DA:217,1
DA:219,1
LF:135
LH:20
BRDA:2,0,0,1
BRDA:2,0,1,1
BRDA:2,0,2,1
BRDA:3,1,0,0
BRDA:3,1,1,0
BRDA:4,2,0,0
BRDA:4,2,1,0
BRDA:7,3,0,0
BRDA:7,3,1,0
BRDA:8,4,0,0
BRDA:8,4,1,0
BRDA:11,5,0,1
BRDA:11,5,1,1
BRDA:11,5,2,1
BRDA:12,6,0,0
BRDA:12,6,1,0
BRDA:13,7,0,0
BRDA:13,7,1,0
BRDA:16,8,0,0
BRDA:16,8,1,0
BRDA:18,9,0,0
BRDA:18,9,1,0
BRDA:18,10,0,0
BRDA:18,10,1,0
BRDA:18,10,2,0
BRDA:18,11,0,0
BRDA:18,11,1,0
BRDA:18,12,0,0
BRDA:18,12,1,0
BRDA:18,13,0,0
BRDA:18,13,1,0
BRDA:18,14,0,0
BRDA:18,14,1,0
BRDA:19,15,0,0
BRDA:19,15,1,0
BRDA:20,16,0,0
BRDA:20,16,1,0
BRDA:20,16,2,0
BRDA:20,16,3,0
BRDA:20,16,4,0
BRDA:20,16,5,0
BRDA:26,17,0,0
BRDA:26,17,1,0
BRDA:26,18,0,0
BRDA:26,18,1,0
BRDA:26,18,2,0
BRDA:26,19,0,0
BRDA:26,19,1,0
BRDA:27,20,0,0
BRDA:27,20,1,0
BRDA:27,21,0,0
BRDA:27,21,1,0
BRDA:27,21,2,0
BRDA:27,21,3,0
BRDA:28,22,0,0
BRDA:28,22,1,0
BRDA:28,23,0,0
BRDA:28,23,1,0
BRDA:29,24,0,0
BRDA:29,24,1,0
BRDA:29,25,0,0
BRDA:29,25,1,0
BRDA:30,26,0,0
BRDA:30,26,1,0
BRDA:35,27,0,0
BRDA:35,27,1,0
BRDA:35,28,0,0
BRDA:35,28,1,0
BRDA:54,29,0,0
BRDA:54,29,1,0
BRDA:54,29,2,0
BRDA:54,29,3,0
BRDA:54,29,4,0
BRDA:54,29,5,0
BRDA:67,30,0,0
BRDA:67,30,1,0
BRDA:90,31,0,0
BRDA:90,31,1,0
BRDA:90,31,2,0
BRDA:90,31,3,0
BRDA:90,31,4,0
BRDA:110,32,0,0
BRDA:110,32,1,0
BRDA:110,32,2,0
BRDA:110,32,3,0
BRDA:110,32,4,0
BRDA:110,32,5,0
BRDA:110,32,6,0
BRDA:110,32,7,0
BRDA:110,32,8,0
BRDA:110,32,9,0
BRDA:126,33,0,0
BRDA:126,33,1,0
BRDA:130,34,0,0
BRDA:130,34,1,0
BRDA:134,35,0,0
BRDA:134,35,1,0
BRDA:141,36,0,0
BRDA:141,36,1,0
BRDA:185,37,0,0
BRDA:185,37,1,0
BRDA:197,38,0,0
BRDA:197,38,1,0
BRDA:197,38,2,0
BRDA:197,38,3,0
BRDA:197,38,4,0
BRF:106
BRH:6
end_of_record
TN:
SF:build\entity\Post.js
FN:2,(anonymous_0)
FN:8,(anonymous_1)
FN:16,(anonymous_2)
FN:17,Post
FN:39,(anonymous_4)
FN:39,(anonymous_5)
FNF:6
FNH:6
FNDA:6,(anonymous_0)
FNDA:5,(anonymous_1)
FNDA:1,(anonymous_2)
FNDA:1,Post
FNDA:1,(anonymous_4)
FNDA:1,(anonymous_5)
DA:2,1
DA:3,6
DA:4,6
DA:5,0
DA:6,6
DA:8,1
DA:9,5
DA:11,1
DA:12,1
DA:13,1
DA:14,1
DA:15,1
DA:16,1
DA:19,1
DA:23,1
DA:28,1
DA:33,1
DA:38,1
DA:39,1
DA:43,1
DA:46,1
DA:48,1
LF:22
LH:21
BRDA:2,0,0,1
BRDA:2,0,1,1
BRDA:2,0,2,1
BRDA:3,1,0,1
BRDA:3,1,1,5
BRDA:3,2,0,0
BRDA:3,2,1,5
BRDA:4,3,0,6
BRDA:4,3,1,0
BRDA:4,4,0,6
BRDA:4,4,1,6
BRDA:5,5,0,0
BRDA:5,5,1,0
BRDA:5,6,0,0
BRDA:5,6,1,0
BRDA:5,7,0,0
BRDA:5,7,1,0
BRDA:5,8,0,0
BRDA:5,8,1,0
BRDA:6,9,0,6
BRDA:6,9,1,5
BRDA:6,9,2,0
BRDA:8,10,0,1
BRDA:8,10,1,1
BRDA:8,10,2,1
BRDA:9,11,0,5
BRDA:9,11,1,0
BRDA:9,12,0,5
BRDA:9,12,1,5
BRF:29
BRH:17
end_of_record
TN:
SF:build\entity\User.js
FN:2,(anonymous_0)
FN:8,(anonymous_1)
FN:17,(anonymous_2)
FN:18,User
FN:20,(anonymous_4)
FN:23,(anonymous_5)
FN:66,(anonymous_6)
FN:66,(anonymous_7)
FNF:8
FNH:6
FNDA:10,(anonymous_0)
FNDA:9,(anonymous_1)
FNDA:1,(anonymous_2)
FNDA:1,User
FNDA:0,(anonymous_4)
FNDA:0,(anonymous_5)
FNDA:1,(anonymous_6)
FNDA:1,(anonymous_7)
DA:2,1
DA:3,10
DA:4,10
DA:5,0
DA:6,10
DA:8,1
DA:9,9
DA:11,1
DA:12,1
DA:13,1
DA:14,1
DA:15,1
DA:16,1
DA:17,1
DA:20,1
DA:21,0
DA:23,1
DA:24,0
DA:26,1
DA:30,1
DA:35,1
DA:40,1
DA:45,1
DA:50,1
DA:55,1
DA:60,1
DA:65,1
DA:66,1
DA:69,1
DA:73,1
DA:75,1
LF:31
LH:28
BRDA:2,0,0,1
BRDA:2,0,1,1
BRDA:2,0,2,1
BRDA:3,1,0,1
BRDA:3,1,1,9
BRDA:3,2,0,0
BRDA:3,2,1,9
BRDA:4,3,0,10
BRDA:4,3,1,0
BRDA:4,4,0,10
BRDA:4,4,1,10
BRDA:5,5,0,0
BRDA:5,5,1,0
BRDA:5,6,0,0
BRDA:5,6,1,0
BRDA:5,7,0,0
BRDA:5,7,1,0
BRDA:5,8,0,0
BRDA:5,8,1,0
BRDA:6,9,0,10
BRDA:6,9,1,9
BRDA:6,9,2,0
BRDA:8,10,0,1
BRDA:8,10,1,1
BRDA:8,10,2,1
BRDA:9,11,0,9
BRDA:9,11,1,0
BRDA:9,12,0,9
BRDA:9,12,1,9
BRF:29
BRH:17
end_of_record
TN:
SF:build\middlewares\checkJwt.js
FN:6,(anonymous_0)
FNF:1
FNH:0
FNDA:0,(anonymous_0)
DA:2,1
DA:3,1
DA:4,1
DA:5,1
DA:6,1
DA:7,0
DA:9,0
DA:10,0
DA:11,0
DA:14,0
DA:17,0
DA:18,0
DA:21,0
DA:22,0
DA:24,1
LF:15
LH:6
BRF:0
BRH:0
end_of_record
TN:
SF:build\middlewares\checkRole.js
FN:6,(anonymous_0)
FNF:1
FNH:0
FNDA:0,(anonymous_0)
DA:2,1
DA:3,1
DA:4,1
DA:5,1
DA:6,1
DA:7,0
DA:8,0
DA:9,0
DA:10,0
DA:11,0
DA:18,0
DA:19,0
DA:20,0
DA:21,0
DA:24,0
DA:28,0
DA:31,1
LF:17
LH:6
BRDA:19,0,0,0
BRDA:19,0,1,0
BRF:2
BRH:0
end_of_record
TN:
SF:build\migration\1662331509576-CreateUserAndPost.js
FN:2,(anonymous_0)
FN:3,adopt
FN:3,(anonymous_2)
FN:4,(anonymous_3)
FN:5,fulfilled
FN:6,rejected
FN:7,step
FN:11,(anonymous_7)
FN:12,(anonymous_8)
FN:13,(anonymous_9)
FN:14,verb
FN:14,(anonymous_11)
FN:15,step
FN:42,(anonymous_13)
FN:43,CreateUserAndPost1662331509576
FN:45,(anonymous_15)
FN:46,(anonymous_16)
FN:47,(anonymous_17)
FN:158,(anonymous_18)
FN:159,(anonymous_19)
FN:161,(anonymous_20)
FN:166,(anonymous_21)
FNF:22
FNH:2
FNDA:0,(anonymous_0)
FNDA:0,adopt
FNDA:0,(anonymous_2)
FNDA:0,(anonymous_3)
FNDA:0,fulfilled
FNDA:0,rejected
FNDA:0,step
FNDA:0,(anonymous_7)
FNDA:0,(anonymous_8)
FNDA:0,(anonymous_9)
FNDA:0,verb
FNDA:0,(anonymous_11)
FNDA:0,step
FNDA:1,(anonymous_13)
FNDA:1,CreateUserAndPost1662331509576
FNDA:0,(anonymous_15)
FNDA:0,(anonymous_16)
FNDA:0,(anonymous_17)
FNDA:0,(anonymous_18)
FNDA:0,(anonymous_19)
FNDA:0,(anonymous_20)
FNDA:0,(anonymous_21)
DA:2,1
DA:3,0
DA:4,0
DA:5,0
DA:6,0
DA:7,0
DA:8,0
DA:11,1
DA:12,0
DA:13,0
DA:14,0
DA:16,0
DA:17,0
DA:18,0
DA:19,0
DA:20,0
DA:21,0
DA:22,0
DA:23,0
DA:24,0
DA:26,0
DA:27,0
DA:28,0
DA:29,0
DA:30,0
DA:31,0
DA:33,0
DA:34,0
DA:35,0
DA:38,1
DA:39,1
DA:40,1
DA:41,1
DA:42,1
DA:45,1
DA:46,0
DA:47,0
DA:48,0
DA:50,0
DA:51,0
DA:53,0
DA:54,0
DA:107,0
DA:108,0
DA:135,0
DA:136,0
DA:141,0
DA:142,0
DA:149,0
DA:150,0
DA:152,0
DA:153,0
DA:158,1
DA:159,0
DA:161,0
DA:162,0
DA:163,0
DA:165,0
DA:166,0
DA:167,0
DA:169,0
DA:170,0
DA:172,0
DA:173,0
DA:175,0
DA:176,0
DA:178,0
DA:179,0
DA:184,1
DA:186,1
LF:70
LH:11
BRDA:2,0,0,1
BRDA:2,0,1,1
BRDA:2,0,2,1
BRDA:3,1,0,0
BRDA:3,1,1,0
BRDA:4,2,0,0
BRDA:4,2,1,0
BRDA:7,3,0,0
BRDA:7,3,1,0
BRDA:8,4,0,0
BRDA:8,4,1,0
BRDA:11,5,0,1
BRDA:11,5,1,1
BRDA:11,5,2,1
BRDA:12,6,0,0
BRDA:12,6,1,0
BRDA:13,7,0,0
BRDA:13,7,1,0
BRDA:16,8,0,0
BRDA:16,8,1,0
BRDA:18,9,0,0
BRDA:18,9,1,0
BRDA:18,10,0,0
BRDA:18,10,1,0
BRDA:18,10,2,0
BRDA:18,11,0,0
BRDA:18,11,1,0
BRDA:18,12,0,0
BRDA:18,12,1,0
BRDA:18,13,0,0
BRDA:18,13,1,0
BRDA:18,14,0,0
BRDA:18,14,1,0
BRDA:19,15,0,0
BRDA:19,15,1,0
BRDA:20,16,0,0
BRDA:20,16,1,0
BRDA:20,16,2,0
BRDA:20,16,3,0
BRDA:20,16,4,0
BRDA:20,16,5,0
BRDA:26,17,0,0
BRDA:26,17,1,0
BRDA:26,18,0,0
BRDA:26,18,1,0
BRDA:26,18,2,0
BRDA:26,19,0,0
BRDA:26,19,1,0
BRDA:27,20,0,0
BRDA:27,20,1,0
BRDA:27,21,0,0
BRDA:27,21,1,0
BRDA:27,21,2,0
BRDA:27,21,3,0
BRDA:28,22,0,0
BRDA:28,22,1,0
BRDA:28,23,0,0
BRDA:28,23,1,0
BRDA:29,24,0,0
BRDA:29,24,1,0
BRDA:29,25,0,0
BRDA:29,25,1,0
BRDA:30,26,0,0
BRDA:30,26,1,0
BRDA:35,27,0,0
BRDA:35,27,1,0
BRDA:35,28,0,0
BRDA:35,28,1,0
BRDA:48,29,0,0
BRDA:48,29,1,0
BRDA:48,29,2,0
BRDA:48,29,3,0
BRDA:48,29,4,0
BRDA:48,29,5,0
BRDA:48,29,6,0
BRDA:162,30,0,0
BRDA:162,30,1,0
BRDA:162,30,2,0
BRDA:162,30,3,0
BRDA:162,30,4,0
BRDA:162,30,5,0
BRF:81
BRH:6
end_of_record
TN:
SF:build\migration\1662563015067-CreateAdmin.ts.js
FN:2,(anonymous_0)
FN:3,adopt
FN:3,(anonymous_2)
FN:4,(anonymous_3)
FN:5,fulfilled
FN:6,rejected
FN:7,step
FN:11,(anonymous_7)
FN:12,(anonymous_8)
FN:13,(anonymous_9)
FN:14,verb
FN:14,(anonymous_11)
FN:15,step
FN:42,(anonymous_13)
FN:43,CreateAdmints1662563015067
FN:45,(anonymous_15)
FN:46,(anonymous_16)
FN:48,(anonymous_17)
FN:64,(anonymous_18)
FN:65,(anonymous_19)
FN:66,(anonymous_20)
FNF:21
FNH:2
FNDA:0,(anonymous_0)
FNDA:0,adopt
FNDA:0,(anonymous_2)
FNDA:0,(anonymous_3)
FNDA:0,fulfilled
FNDA:0,rejected
FNDA:0,step
FNDA:0,(anonymous_7)
FNDA:0,(anonymous_8)
FNDA:0,(anonymous_9)
FNDA:0,verb
FNDA:0,(anonymous_11)
FNDA:0,step
FNDA:1,(anonymous_13)
FNDA:1,CreateAdmints1662563015067
FNDA:0,(anonymous_15)
FNDA:0,(anonymous_16)
FNDA:0,(anonymous_17)
FNDA:0,(anonymous_18)
FNDA:0,(anonymous_19)
FNDA:0,(anonymous_20)
DA:2,1
DA:3,0
DA:4,0
DA:5,0
DA:6,0
DA:7,0
DA:8,0
DA:11,1
DA:12,0
DA:13,0
DA:14,0
DA:16,0
DA:17,0
DA:18,0
DA:19,0
DA:20,0
DA:21,0
DA:22,0
DA:23,0
DA:24,0
DA:26,0
DA:27,0
DA:28,0
DA:29,0
DA:30,0
DA:31,0
DA:33,0
DA:34,0
DA:35,0
DA:38,1
DA:39,1
DA:40,1
DA:41,1
DA:42,1
DA:45,1
DA:46,0
DA:48,0
DA:49,0
DA:51,0
DA:52,0
DA:53,0
DA:58,0
DA:59,0
DA:64,1
DA:65,0
DA:66,0
DA:67,0
DA:71,1
DA:73,1
LF:49
LH:11
BRDA:2,0,0,1
BRDA:2,0,1,1
BRDA:2,0,2,1
BRDA:3,1,0,0
BRDA:3,1,1,0
BRDA:4,2,0,0
BRDA:4,2,1,0
BRDA:7,3,0,0
BRDA:7,3,1,0
BRDA:8,4,0,0
BRDA:8,4,1,0
BRDA:11,5,0,1
BRDA:11,5,1,1
BRDA:11,5,2,1
BRDA:12,6,0,0
BRDA:12,6,1,0
BRDA:13,7,0,0
BRDA:13,7,1,0
BRDA:16,8,0,0
BRDA:16,8,1,0
BRDA:18,9,0,0
BRDA:18,9,1,0
BRDA:18,10,0,0
BRDA:18,10,1,0
BRDA:18,10,2,0
BRDA:18,11,0,0
BRDA:18,11,1,0
BRDA:18,12,0,0
BRDA:18,12,1,0
BRDA:18,13,0,0
BRDA:18,13,1,0
BRDA:18,14,0,0
BRDA:18,14,1,0
BRDA:19,15,0,0
BRDA:19,15,1,0
BRDA:20,16,0,0
BRDA:20,16,1,0
BRDA:20,16,2,0
BRDA:20,16,3,0
BRDA:20,16,4,0
BRDA:20,16,5,0
BRDA:26,17,0,0
BRDA:26,17,1,0
BRDA:26,18,0,0
BRDA:26,18,1,0
BRDA:26,18,2,0
BRDA:26,19,0,0
BRDA:26,19,1,0
BRDA:27,20,0,0
BRDA:27,20,1,0
BRDA:27,21,0,0
BRDA:27,21,1,0
BRDA:27,21,2,0
BRDA:27,21,3,0
BRDA:28,22,0,0
BRDA:28,22,1,0
BRDA:28,23,0,0
BRDA:28,23,1,0
BRDA:29,24,0,0
BRDA:29,24,1,0
BRDA:29,25,0,0
BRDA:29,25,1,0
BRDA:30,26,0,0
BRDA:30,26,1,0
BRDA:35,27,0,0
BRDA:35,27,1,0
BRDA:35,28,0,0
BRDA:35,28,1,0
BRDA:49,29,0,0
BRDA:49,29,1,0
BRF:70
BRH:6
end_of_record
TN:
SF:build\routes\auth.js
FNF:0
FNH:0
DA:2,1
DA:3,1
DA:4,1
DA:5,1
DA:6,1
DA:7,1
DA:8,1
DA:9,1
LF:8
LH:8
BRF:0
BRH:0
end_of_record
TN:
SF:build\routes\index.js
FNF:0
FNH:0
DA:2,1
DA:3,1
DA:4,1
DA:5,1
DA:6,1
DA:7,1
DA:8,1
DA:9,1
DA:10,1
DA:11,1
LF:10
LH:10
BRF:0
BRH:0
end_of_record
TN:
SF:build\routes\post.js
FNF:0
FNH:0
DA:2,1
DA:3,1
DA:4,1
DA:5,1
DA:6,1
DA:7,1
DA:8,1
DA:9,1
DA:10,1
DA:11,1
LF:10
LH:10
BRF:0
BRH:0
end_of_record
TN:
SF:build\routes\user.js
FNF:0
FNH:0
DA:2,1
DA:3,1
DA:4,1
DA:5,1
DA:6,1
DA:7,1
DA:8,1
DA:9,1
DA:10,1
DA:11,1
DA:12,1
DA:13,1
LF:12
LH:12
BRF:0
BRH:0
end_of_record
